<?xml version="1.0" encoding="UTF-8"?>
<!-- Generated by org.testng.reporters.JUnitXMLReporter -->
<testsuite hostname="SL-1167" ignored="0" name="Surefire test" tests="90" failures="0" timestamp="2020-12-14T10:11:16 PST" time="33.675" errors="0">
  <testcase name="loginTestSalesforce1" time="19.253" classname="com.yourcompany.SampleSauceTest"/>
  <testcase name="loginTestSalesforce6" time="20.211" classname="com.yourcompany.SampleSauceTest"/>
  <testcase name="loginTestSalesforce3" time="20.607" classname="com.yourcompany.SampleSauceTest"/>
  <testcase name="loginTestSalesforce5" time="20.82" classname="com.yourcompany.SampleSauceTest"/>
  <testcase name="loginTestSalesforce6" time="21.101" classname="com.yourcompany.SampleSauceTest"/>
  <testcase name="loginTestSalesforce2" time="21.157" classname="com.yourcompany.SampleSauceTest"/>
  <testcase name="loginTestSalesforce4" time="21.402" classname="com.yourcompany.SampleSauceTest"/>
  <testcase name="loginTestSalesforce8" time="21.447" classname="com.yourcompany.SampleSauceTest"/>
  <testcase name="loginTestSalesforce6" time="21.594" classname="com.yourcompany.SampleSauceTest"/>
  <testcase name="loginTestSalesforce12" time="21.676" classname="com.yourcompany.SampleSauceTest"/>
  <testcase name="loginTestSalesforce12" time="21.738" classname="com.yourcompany.SampleSauceTest"/>
  <testcase name="loginTestSalesforce8" time="21.846" classname="com.yourcompany.SampleSauceTest"/>
  <testcase name="loginTestSalesforce9" time="22.045" classname="com.yourcompany.SampleSauceTest"/>
  <testcase name="loginTestSalesforce11" time="22.09" classname="com.yourcompany.SampleSauceTest"/>
  <testcase name="loginTestSalesforce7" time="22.342" classname="com.yourcompany.SampleSauceTest"/>
  <testcase name="loginTestSalesforce8" time="22.738" classname="com.yourcompany.SampleSauceTest"/>
  <testcase name="loginTestSalesforce1" time="22.736" classname="com.yourcompany.SampleSauceTest"/>
  <testcase name="loginTestSalesforce10" time="22.935" classname="com.yourcompany.SampleSauceTest"/>
  <testcase name="loginTestSalesforce5" time="23.201" classname="com.yourcompany.SampleSauceTest"/>
  <testcase name="loginTestSalesforce7" time="23.23" classname="com.yourcompany.SampleSauceTest"/>
  <testcase name="loginTestSalesforce0" time="23.313" classname="com.yourcompany.SampleSauceTest"/>
  <testcase name="loginTestSalesforce10" time="23.396" classname="com.yourcompany.SampleSauceTest"/>
  <testcase name="loginTestSalesforce5" time="23.532" classname="com.yourcompany.SampleSauceTest"/>
  <testcase name="loginTestSalesforce12" time="23.595" classname="com.yourcompany.SampleSauceTest"/>
  <testcase name="loginTestSalesforce2" time="23.781" classname="com.yourcompany.SampleSauceTest"/>
  <testcase name="loginTestSalesforce0" time="23.895" classname="com.yourcompany.SampleSauceTest"/>
  <testcase name="loginTestSalesforce14" time="23.967" classname="com.yourcompany.SampleSauceTest"/>
  <testcase name="loginTestSalesforce12" time="24.093" classname="com.yourcompany.SampleSauceTest"/>
  <testcase name="loginTestSalesforce8" time="24.115" classname="com.yourcompany.SampleSauceTest"/>
  <testcase name="loginTestSalesforce14" time="24.739" classname="com.yourcompany.SampleSauceTest"/>
  <testcase name="loginTestSalesforce0" time="24.794" classname="com.yourcompany.SampleSauceTest"/>
  <testcase name="loginTestSalesforce9" time="24.855" classname="com.yourcompany.SampleSauceTest"/>
  <testcase name="loginTestSalesforce11" time="24.856" classname="com.yourcompany.SampleSauceTest"/>
  <testcase name="loginTestSalesforce4" time="24.897" classname="com.yourcompany.SampleSauceTest"/>
  <testcase name="loginTestSalesforce6" time="24.929" classname="com.yourcompany.SampleSauceTest"/>
  <testcase name="loginTestSalesforce9" time="25.226" classname="com.yourcompany.SampleSauceTest"/>
  <testcase name="loginTestSalesforce5" time="25.325" classname="com.yourcompany.SampleSauceTest"/>
  <testcase name="loginTestSalesforce6" time="25.372" classname="com.yourcompany.SampleSauceTest"/>
  <testcase name="loginTestSalesforce14" time="25.405" classname="com.yourcompany.SampleSauceTest"/>
  <testcase name="loginTestSalesforce7" time="25.422" classname="com.yourcompany.SampleSauceTest"/>
  <testcase name="loginTestSalesforce2" time="25.532" classname="com.yourcompany.SampleSauceTest"/>
  <testcase name="loginTestSalesforce3" time="25.682" classname="com.yourcompany.SampleSauceTest"/>
  <testcase name="loginTestSalesforce13" time="25.925" classname="com.yourcompany.SampleSauceTest"/>
  <testcase name="loginTestSalesforce10" time="25.944" classname="com.yourcompany.SampleSauceTest"/>
  <testcase name="loginTestSalesforce2" time="26.18" classname="com.yourcompany.SampleSauceTest"/>
  <testcase name="loginTestSalesforce4" time="26.323" classname="com.yourcompany.SampleSauceTest"/>
  <testcase name="loginTestSalesforce8" time="26.352" classname="com.yourcompany.SampleSauceTest"/>
  <testcase name="loginTestSalesforce9" time="26.368" classname="com.yourcompany.SampleSauceTest"/>
  <testcase name="loginTestSalesforce4" time="26.384" classname="com.yourcompany.SampleSauceTest"/>
  <testcase name="loginTestSalesforce0" time="26.435" classname="com.yourcompany.SampleSauceTest"/>
  <testcase name="loginTestSalesforce12" time="26.475" classname="com.yourcompany.SampleSauceTest"/>
  <testcase name="loginTestSalesforce11" time="26.628" classname="com.yourcompany.SampleSauceTest"/>
  <testcase name="loginTestSalesforce0" time="26.717" classname="com.yourcompany.SampleSauceTest"/>
  <testcase name="loginTestSalesforce13" time="26.881" classname="com.yourcompany.SampleSauceTest"/>
  <testcase name="loginTestSalesforce11" time="26.912" classname="com.yourcompany.SampleSauceTest"/>
  <testcase name="loginTestSalesforce13" time="26.969" classname="com.yourcompany.SampleSauceTest"/>
  <testcase name="loginTestSalesforce2" time="27.021" classname="com.yourcompany.SampleSauceTest"/>
  <testcase name="loginTestSalesforce10" time="27.073" classname="com.yourcompany.SampleSauceTest"/>
  <testcase name="loginTestSalesforce1" time="27.127" classname="com.yourcompany.SampleSauceTest"/>
  <testcase name="loginTestSalesforce13" time="27.249" classname="com.yourcompany.SampleSauceTest"/>
  <testcase name="loginTestSalesforce5" time="27.414" classname="com.yourcompany.SampleSauceTest"/>
  <testcase name="loginTestSalesforce1" time="27.469" classname="com.yourcompany.SampleSauceTest"/>
  <testcase name="loginTestSalesforce9" time="27.561" classname="com.yourcompany.SampleSauceTest"/>
  <testcase name="loginTestSalesforce10" time="27.67" classname="com.yourcompany.SampleSauceTest"/>
  <testcase name="loginTestSalesforce8" time="27.835" classname="com.yourcompany.SampleSauceTest"/>
  <testcase name="loginTestSalesforce10" time="27.859" classname="com.yourcompany.SampleSauceTest"/>
  <testcase name="loginTestSalesforce7" time="27.878" classname="com.yourcompany.SampleSauceTest"/>
  <testcase name="loginTestSalesforce7" time="27.95" classname="com.yourcompany.SampleSauceTest"/>
  <testcase name="loginTestSalesforce14" time="27.952" classname="com.yourcompany.SampleSauceTest"/>
  <testcase name="loginTestSalesforce5" time="27.959" classname="com.yourcompany.SampleSauceTest"/>
  <testcase name="loginTestSalesforce13" time="28.009" classname="com.yourcompany.SampleSauceTest"/>
  <testcase name="loginTestSalesforce4" time="28.175" classname="com.yourcompany.SampleSauceTest"/>
  <testcase name="loginTestSalesforce6" time="28.201" classname="com.yourcompany.SampleSauceTest"/>
  <testcase name="loginTestSalesforce3" time="28.238" classname="com.yourcompany.SampleSauceTest"/>
  <testcase name="loginTestSalesforce3" time="28.271" classname="com.yourcompany.SampleSauceTest"/>
  <testcase name="loginTestSalesforce11" time="28.294" classname="com.yourcompany.SampleSauceTest"/>
  <testcase name="loginTestSalesforce11" time="28.537" classname="com.yourcompany.SampleSauceTest"/>
  <testcase name="loginTestSalesforce1" time="28.846" classname="com.yourcompany.SampleSauceTest"/>
  <testcase name="loginTestSalesforce9" time="28.999" classname="com.yourcompany.SampleSauceTest"/>
  <testcase name="loginTestSalesforce12" time="29.298" classname="com.yourcompany.SampleSauceTest"/>
  <testcase name="loginTestSalesforce0" time="29.526" classname="com.yourcompany.SampleSauceTest"/>
  <testcase name="loginTestSalesforce14" time="29.628" classname="com.yourcompany.SampleSauceTest"/>
  <testcase name="loginTestSalesforce3" time="29.654" classname="com.yourcompany.SampleSauceTest"/>
  <testcase name="loginTestSalesforce13" time="30.266" classname="com.yourcompany.SampleSauceTest"/>
  <testcase name="loginTestSalesforce4" time="30.398" classname="com.yourcompany.SampleSauceTest"/>
  <testcase name="loginTestSalesforce7" time="31.944" classname="com.yourcompany.SampleSauceTest"/>
  <testcase name="loginTestSalesforce3" time="32.412" classname="com.yourcompany.SampleSauceTest"/>
  <testcase name="loginTestSalesforce14" time="32.687" classname="com.yourcompany.SampleSauceTest"/>
  <testcase name="loginTestSalesforce1" time="32.955" classname="com.yourcompany.SampleSauceTest"/>
  <testcase name="loginTestSalesforce2" time="33.155" classname="com.yourcompany.SampleSauceTest"/>
</testsuite> <!-- Surefire test -->
