<?xml version="1.0" encoding="UTF-8"?>
<testng-results skipped="0" failed="0" ignored="0" total="90" passed="90">
  <reporter-output>
  </reporter-output>
  <suite name="Surefire suite" duration-ms="33675" started-at="2020-12-14T10:10:42 PST" finished-at="2020-12-14T10:11:16 PST">
    <groups>
    </groups>
    <test name="Surefire test" duration-ms="33675" started-at="2020-12-14T10:10:42 PST" finished-at="2020-12-14T10:11:16 PST">
      <class name="com.yourcompany.SampleSauceTest">
        <test-method status="PASS" signature="loginTestSalesforce11(java.lang.String, java.lang.String, java.lang.reflect.Method)[pri:0, instance:com.yourcompany.SampleSauceTest@3632be31]" name="loginTestSalesforce11" duration-ms="26912" started-at="2020-12-14T10:10:42 PST" data-provider="hardCodedBrowsers" finished-at="2020-12-14T10:11:09 PST">
          <params>
            <param index="0">
              <value>
                <![CDATA[latest-1]]>
              </value>
            </param>
            <param index="1">
              <value>
                <![CDATA[Windows 10]]>
              </value>
            </param>
            <param index="2">
              <value>
                <![CDATA[public void com.yourcompany.SampleSauceTest.loginTestSalesforce11(java.lang.String,java.lang.String,java.lang.reflect.Method) throws java.lang.Exception]]>
              </value>
            </param>
          </params>
          <reporter-output>
          </reporter-output>
        </test-method> <!-- loginTestSalesforce11 -->
        <test-method status="PASS" signature="loginTestSalesforce13(java.lang.String, java.lang.String, java.lang.reflect.Method)[pri:0, instance:com.yourcompany.SampleSauceTest@3632be31]" name="loginTestSalesforce13" duration-ms="26969" started-at="2020-12-14T10:10:42 PST" data-provider="hardCodedBrowsers" finished-at="2020-12-14T10:11:09 PST">
          <params>
            <param index="0">
              <value>
                <![CDATA[latest]]>
              </value>
            </param>
            <param index="1">
              <value>
                <![CDATA[Windows 10]]>
              </value>
            </param>
            <param index="2">
              <value>
                <![CDATA[public void com.yourcompany.SampleSauceTest.loginTestSalesforce13(java.lang.String,java.lang.String,java.lang.reflect.Method) throws java.lang.Exception]]>
              </value>
            </param>
          </params>
          <reporter-output>
          </reporter-output>
        </test-method> <!-- loginTestSalesforce13 -->
        <test-method status="PASS" signature="loginTestSalesforce0(java.lang.String, java.lang.String, java.lang.reflect.Method)[pri:0, instance:com.yourcompany.SampleSauceTest@3632be31]" name="loginTestSalesforce0" duration-ms="26435" started-at="2020-12-14T10:10:42 PST" data-provider="hardCodedBrowsers" finished-at="2020-12-14T10:11:08 PST">
          <params>
            <param index="0">
              <value>
                <![CDATA[latest]]>
              </value>
            </param>
            <param index="1">
              <value>
                <![CDATA[macOS 10.15]]>
              </value>
            </param>
            <param index="2">
              <value>
                <![CDATA[public void com.yourcompany.SampleSauceTest.loginTestSalesforce0(java.lang.String,java.lang.String,java.lang.reflect.Method) throws java.lang.Exception]]>
              </value>
            </param>
          </params>
          <reporter-output>
          </reporter-output>
        </test-method> <!-- loginTestSalesforce0 -->
        <test-method status="PASS" signature="loginTestSalesforce12(java.lang.String, java.lang.String, java.lang.reflect.Method)[pri:0, instance:com.yourcompany.SampleSauceTest@3632be31]" name="loginTestSalesforce12" duration-ms="24093" started-at="2020-12-14T10:10:42 PST" data-provider="hardCodedBrowsers" finished-at="2020-12-14T10:11:06 PST">
          <params>
            <param index="0">
              <value>
                <![CDATA[latest]]>
              </value>
            </param>
            <param index="1">
              <value>
                <![CDATA[macOS 10.15]]>
              </value>
            </param>
            <param index="2">
              <value>
                <![CDATA[public void com.yourcompany.SampleSauceTest.loginTestSalesforce12(java.lang.String,java.lang.String,java.lang.reflect.Method) throws java.lang.Exception]]>
              </value>
            </param>
          </params>
          <reporter-output>
          </reporter-output>
        </test-method> <!-- loginTestSalesforce12 -->
        <test-method status="PASS" signature="loginTestSalesforce10(java.lang.String, java.lang.String, java.lang.reflect.Method)[pri:0, instance:com.yourcompany.SampleSauceTest@3632be31]" name="loginTestSalesforce10" duration-ms="22935" started-at="2020-12-14T10:10:42 PST" data-provider="hardCodedBrowsers" finished-at="2020-12-14T10:11:05 PST">
          <params>
            <param index="0">
              <value>
                <![CDATA[latest]]>
              </value>
            </param>
            <param index="1">
              <value>
                <![CDATA[Windows 10]]>
              </value>
            </param>
            <param index="2">
              <value>
                <![CDATA[public void com.yourcompany.SampleSauceTest.loginTestSalesforce10(java.lang.String,java.lang.String,java.lang.reflect.Method) throws java.lang.Exception]]>
              </value>
            </param>
          </params>
          <reporter-output>
          </reporter-output>
        </test-method> <!-- loginTestSalesforce10 -->
        <test-method status="PASS" signature="loginTestSalesforce3(java.lang.String, java.lang.String, java.lang.reflect.Method)[pri:0, instance:com.yourcompany.SampleSauceTest@3632be31]" name="loginTestSalesforce3" duration-ms="32412" started-at="2020-12-14T10:10:42 PST" data-provider="hardCodedBrowsers" finished-at="2020-12-14T10:11:14 PST">
          <params>
            <param index="0">
              <value>
                <![CDATA[latest]]>
              </value>
            </param>
            <param index="1">
              <value>
                <![CDATA[Windows 10]]>
              </value>
            </param>
            <param index="2">
              <value>
                <![CDATA[public void com.yourcompany.SampleSauceTest.loginTestSalesforce3(java.lang.String,java.lang.String,java.lang.reflect.Method) throws java.lang.Exception]]>
              </value>
            </param>
          </params>
          <reporter-output>
          </reporter-output>
        </test-method> <!-- loginTestSalesforce3 -->
        <test-method status="PASS" signature="loginTestSalesforce1(java.lang.String, java.lang.String, java.lang.reflect.Method)[pri:0, instance:com.yourcompany.SampleSauceTest@3632be31]" name="loginTestSalesforce1" duration-ms="19253" started-at="2020-12-14T10:10:42 PST" data-provider="hardCodedBrowsers" finished-at="2020-12-14T10:11:01 PST">
          <params>
            <param index="0">
              <value>
                <![CDATA[latest]]>
              </value>
            </param>
            <param index="1">
              <value>
                <![CDATA[Windows 10]]>
              </value>
            </param>
            <param index="2">
              <value>
                <![CDATA[public void com.yourcompany.SampleSauceTest.loginTestSalesforce1(java.lang.String,java.lang.String,java.lang.reflect.Method) throws java.lang.Exception]]>
              </value>
            </param>
          </params>
          <reporter-output>
          </reporter-output>
        </test-method> <!-- loginTestSalesforce1 -->
        <test-method status="PASS" signature="loginTestSalesforce0(java.lang.String, java.lang.String, java.lang.reflect.Method)[pri:0, instance:com.yourcompany.SampleSauceTest@3632be31]" name="loginTestSalesforce0" duration-ms="23895" started-at="2020-12-14T10:10:42 PST" data-provider="hardCodedBrowsers" finished-at="2020-12-14T10:11:06 PST">
          <params>
            <param index="0">
              <value>
                <![CDATA[latest]]>
              </value>
            </param>
            <param index="1">
              <value>
                <![CDATA[Windows 10]]>
              </value>
            </param>
            <param index="2">
              <value>
                <![CDATA[public void com.yourcompany.SampleSauceTest.loginTestSalesforce0(java.lang.String,java.lang.String,java.lang.reflect.Method) throws java.lang.Exception]]>
              </value>
            </param>
          </params>
          <reporter-output>
          </reporter-output>
        </test-method> <!-- loginTestSalesforce0 -->
        <test-method status="PASS" signature="loginTestSalesforce7(java.lang.String, java.lang.String, java.lang.reflect.Method)[pri:0, instance:com.yourcompany.SampleSauceTest@3632be31]" name="loginTestSalesforce7" duration-ms="25422" started-at="2020-12-14T10:10:42 PST" data-provider="hardCodedBrowsers" finished-at="2020-12-14T10:11:07 PST">
          <params>
            <param index="0">
              <value>
                <![CDATA[latest]]>
              </value>
            </param>
            <param index="1">
              <value>
                <![CDATA[macOS 10.15]]>
              </value>
            </param>
            <param index="2">
              <value>
                <![CDATA[public void com.yourcompany.SampleSauceTest.loginTestSalesforce7(java.lang.String,java.lang.String,java.lang.reflect.Method) throws java.lang.Exception]]>
              </value>
            </param>
          </params>
          <reporter-output>
          </reporter-output>
        </test-method> <!-- loginTestSalesforce7 -->
        <test-method status="PASS" signature="loginTestSalesforce14(java.lang.String, java.lang.String, java.lang.reflect.Method)[pri:0, instance:com.yourcompany.SampleSauceTest@3632be31]" name="loginTestSalesforce14" duration-ms="24739" started-at="2020-12-14T10:10:42 PST" data-provider="hardCodedBrowsers" finished-at="2020-12-14T10:11:07 PST">
          <params>
            <param index="0">
              <value>
                <![CDATA[latest]]>
              </value>
            </param>
            <param index="1">
              <value>
                <![CDATA[Windows 10]]>
              </value>
            </param>
            <param index="2">
              <value>
                <![CDATA[public void com.yourcompany.SampleSauceTest.loginTestSalesforce14(java.lang.String,java.lang.String,java.lang.reflect.Method) throws java.lang.Exception]]>
              </value>
            </param>
          </params>
          <reporter-output>
          </reporter-output>
        </test-method> <!-- loginTestSalesforce14 -->
        <test-method status="PASS" signature="loginTestSalesforce5(java.lang.String, java.lang.String, java.lang.reflect.Method)[pri:0, instance:com.yourcompany.SampleSauceTest@3632be31]" name="loginTestSalesforce5" duration-ms="23532" started-at="2020-12-14T10:10:42 PST" data-provider="hardCodedBrowsers" finished-at="2020-12-14T10:11:05 PST">
          <params>
            <param index="0">
              <value>
                <![CDATA[latest]]>
              </value>
            </param>
            <param index="1">
              <value>
                <![CDATA[Windows 10]]>
              </value>
            </param>
            <param index="2">
              <value>
                <![CDATA[public void com.yourcompany.SampleSauceTest.loginTestSalesforce5(java.lang.String,java.lang.String,java.lang.reflect.Method) throws java.lang.Exception]]>
              </value>
            </param>
          </params>
          <reporter-output>
          </reporter-output>
        </test-method> <!-- loginTestSalesforce5 -->
        <test-method status="PASS" signature="loginTestSalesforce8(java.lang.String, java.lang.String, java.lang.reflect.Method)[pri:0, instance:com.yourcompany.SampleSauceTest@3632be31]" name="loginTestSalesforce8" duration-ms="21447" started-at="2020-12-14T10:10:42 PST" data-provider="hardCodedBrowsers" finished-at="2020-12-14T10:11:03 PST">
          <params>
            <param index="0">
              <value>
                <![CDATA[latest]]>
              </value>
            </param>
            <param index="1">
              <value>
                <![CDATA[Windows 10]]>
              </value>
            </param>
            <param index="2">
              <value>
                <![CDATA[public void com.yourcompany.SampleSauceTest.loginTestSalesforce8(java.lang.String,java.lang.String,java.lang.reflect.Method) throws java.lang.Exception]]>
              </value>
            </param>
          </params>
          <reporter-output>
          </reporter-output>
        </test-method> <!-- loginTestSalesforce8 -->
        <test-method status="PASS" signature="loginTestSalesforce6(java.lang.String, java.lang.String, java.lang.reflect.Method)[pri:0, instance:com.yourcompany.SampleSauceTest@3632be31]" name="loginTestSalesforce6" duration-ms="20211" started-at="2020-12-14T10:10:42 PST" data-provider="hardCodedBrowsers" finished-at="2020-12-14T10:11:02 PST">
          <params>
            <param index="0">
              <value>
                <![CDATA[latest]]>
              </value>
            </param>
            <param index="1">
              <value>
                <![CDATA[Windows 10]]>
              </value>
            </param>
            <param index="2">
              <value>
                <![CDATA[public void com.yourcompany.SampleSauceTest.loginTestSalesforce6(java.lang.String,java.lang.String,java.lang.reflect.Method) throws java.lang.Exception]]>
              </value>
            </param>
          </params>
          <reporter-output>
          </reporter-output>
        </test-method> <!-- loginTestSalesforce6 -->
        <test-method status="PASS" signature="loginTestSalesforce8(java.lang.String, java.lang.String, java.lang.reflect.Method)[pri:0, instance:com.yourcompany.SampleSauceTest@3632be31]" name="loginTestSalesforce8" duration-ms="21846" started-at="2020-12-14T10:10:42 PST" data-provider="hardCodedBrowsers" finished-at="2020-12-14T10:11:04 PST">
          <params>
            <param index="0">
              <value>
                <![CDATA[latest-1]]>
              </value>
            </param>
            <param index="1">
              <value>
                <![CDATA[Windows 10]]>
              </value>
            </param>
            <param index="2">
              <value>
                <![CDATA[public void com.yourcompany.SampleSauceTest.loginTestSalesforce8(java.lang.String,java.lang.String,java.lang.reflect.Method) throws java.lang.Exception]]>
              </value>
            </param>
          </params>
          <reporter-output>
          </reporter-output>
        </test-method> <!-- loginTestSalesforce8 -->
        <test-method status="PASS" signature="loginTestSalesforce3(java.lang.String, java.lang.String, java.lang.reflect.Method)[pri:0, instance:com.yourcompany.SampleSauceTest@3632be31]" name="loginTestSalesforce3" duration-ms="20607" started-at="2020-12-14T10:10:42 PST" data-provider="hardCodedBrowsers" finished-at="2020-12-14T10:11:03 PST">
          <params>
            <param index="0">
              <value>
                <![CDATA[latest-1]]>
              </value>
            </param>
            <param index="1">
              <value>
                <![CDATA[Windows 10]]>
              </value>
            </param>
            <param index="2">
              <value>
                <![CDATA[public void com.yourcompany.SampleSauceTest.loginTestSalesforce3(java.lang.String,java.lang.String,java.lang.reflect.Method) throws java.lang.Exception]]>
              </value>
            </param>
          </params>
          <reporter-output>
          </reporter-output>
        </test-method> <!-- loginTestSalesforce3 -->
        <test-method status="PASS" signature="loginTestSalesforce7(java.lang.String, java.lang.String, java.lang.reflect.Method)[pri:0, instance:com.yourcompany.SampleSauceTest@3632be31]" name="loginTestSalesforce7" duration-ms="23230" started-at="2020-12-14T10:10:42 PST" data-provider="hardCodedBrowsers" finished-at="2020-12-14T10:11:05 PST">
          <params>
            <param index="0">
              <value>
                <![CDATA[latest-1]]>
              </value>
            </param>
            <param index="1">
              <value>
                <![CDATA[macOS 10.15]]>
              </value>
            </param>
            <param index="2">
              <value>
                <![CDATA[public void com.yourcompany.SampleSauceTest.loginTestSalesforce7(java.lang.String,java.lang.String,java.lang.reflect.Method) throws java.lang.Exception]]>
              </value>
            </param>
          </params>
          <reporter-output>
          </reporter-output>
        </test-method> <!-- loginTestSalesforce7 -->
        <test-method status="PASS" signature="loginTestSalesforce7(java.lang.String, java.lang.String, java.lang.reflect.Method)[pri:0, instance:com.yourcompany.SampleSauceTest@3632be31]" name="loginTestSalesforce7" duration-ms="31944" started-at="2020-12-14T10:10:42 PST" data-provider="hardCodedBrowsers" finished-at="2020-12-14T10:11:14 PST">
          <params>
            <param index="0">
              <value>
                <![CDATA[latest-2]]>
              </value>
            </param>
            <param index="1">
              <value>
                <![CDATA[macOS 10.15]]>
              </value>
            </param>
            <param index="2">
              <value>
                <![CDATA[public void com.yourcompany.SampleSauceTest.loginTestSalesforce7(java.lang.String,java.lang.String,java.lang.reflect.Method) throws java.lang.Exception]]>
              </value>
            </param>
          </params>
          <reporter-output>
          </reporter-output>
        </test-method> <!-- loginTestSalesforce7 -->
        <test-method status="PASS" signature="loginTestSalesforce9(java.lang.String, java.lang.String, java.lang.reflect.Method)[pri:0, instance:com.yourcompany.SampleSauceTest@3632be31]" name="loginTestSalesforce9" duration-ms="25226" started-at="2020-12-14T10:10:42 PST" data-provider="hardCodedBrowsers" finished-at="2020-12-14T10:11:07 PST">
          <params>
            <param index="0">
              <value>
                <![CDATA[latest-1]]>
              </value>
            </param>
            <param index="1">
              <value>
                <![CDATA[Windows 10]]>
              </value>
            </param>
            <param index="2">
              <value>
                <![CDATA[public void com.yourcompany.SampleSauceTest.loginTestSalesforce9(java.lang.String,java.lang.String,java.lang.reflect.Method) throws java.lang.Exception]]>
              </value>
            </param>
          </params>
          <reporter-output>
          </reporter-output>
        </test-method> <!-- loginTestSalesforce9 -->
        <test-method status="PASS" signature="loginTestSalesforce13(java.lang.String, java.lang.String, java.lang.reflect.Method)[pri:0, instance:com.yourcompany.SampleSauceTest@3632be31]" name="loginTestSalesforce13" duration-ms="25925" started-at="2020-12-14T10:10:42 PST" data-provider="hardCodedBrowsers" finished-at="2020-12-14T10:11:08 PST">
          <params>
            <param index="0">
              <value>
                <![CDATA[latest-1]]>
              </value>
            </param>
            <param index="1">
              <value>
                <![CDATA[Windows 10]]>
              </value>
            </param>
            <param index="2">
              <value>
                <![CDATA[public void com.yourcompany.SampleSauceTest.loginTestSalesforce13(java.lang.String,java.lang.String,java.lang.reflect.Method) throws java.lang.Exception]]>
              </value>
            </param>
          </params>
          <reporter-output>
          </reporter-output>
        </test-method> <!-- loginTestSalesforce13 -->
        <test-method status="PASS" signature="loginTestSalesforce8(java.lang.String, java.lang.String, java.lang.reflect.Method)[pri:0, instance:com.yourcompany.SampleSauceTest@3632be31]" name="loginTestSalesforce8" duration-ms="27835" started-at="2020-12-14T10:10:42 PST" data-provider="hardCodedBrowsers" finished-at="2020-12-14T10:11:10 PST">
          <params>
            <param index="0">
              <value>
                <![CDATA[latest]]>
              </value>
            </param>
            <param index="1">
              <value>
                <![CDATA[macOS 10.15]]>
              </value>
            </param>
            <param index="2">
              <value>
                <![CDATA[public void com.yourcompany.SampleSauceTest.loginTestSalesforce8(java.lang.String,java.lang.String,java.lang.reflect.Method) throws java.lang.Exception]]>
              </value>
            </param>
          </params>
          <reporter-output>
          </reporter-output>
        </test-method> <!-- loginTestSalesforce8 -->
        <test-method status="PASS" signature="loginTestSalesforce8(java.lang.String, java.lang.String, java.lang.reflect.Method)[pri:0, instance:com.yourcompany.SampleSauceTest@3632be31]" name="loginTestSalesforce8" duration-ms="22738" started-at="2020-12-14T10:10:42 PST" data-provider="hardCodedBrowsers" finished-at="2020-12-14T10:11:05 PST">
          <params>
            <param index="0">
              <value>
                <![CDATA[latest-2]]>
              </value>
            </param>
            <param index="1">
              <value>
                <![CDATA[Windows 10]]>
              </value>
            </param>
            <param index="2">
              <value>
                <![CDATA[public void com.yourcompany.SampleSauceTest.loginTestSalesforce8(java.lang.String,java.lang.String,java.lang.reflect.Method) throws java.lang.Exception]]>
              </value>
            </param>
          </params>
          <reporter-output>
          </reporter-output>
        </test-method> <!-- loginTestSalesforce8 -->
        <test-method status="PASS" signature="loginTestSalesforce10(java.lang.String, java.lang.String, java.lang.reflect.Method)[pri:0, instance:com.yourcompany.SampleSauceTest@3632be31]" name="loginTestSalesforce10" duration-ms="27073" started-at="2020-12-14T10:10:42 PST" data-provider="hardCodedBrowsers" finished-at="2020-12-14T10:11:09 PST">
          <params>
            <param index="0">
              <value>
                <![CDATA[latest-2]]>
              </value>
            </param>
            <param index="1">
              <value>
                <![CDATA[Windows 10]]>
              </value>
            </param>
            <param index="2">
              <value>
                <![CDATA[public void com.yourcompany.SampleSauceTest.loginTestSalesforce10(java.lang.String,java.lang.String,java.lang.reflect.Method) throws java.lang.Exception]]>
              </value>
            </param>
          </params>
          <reporter-output>
          </reporter-output>
        </test-method> <!-- loginTestSalesforce10 -->
        <test-method status="PASS" signature="loginTestSalesforce6(java.lang.String, java.lang.String, java.lang.reflect.Method)[pri:0, instance:com.yourcompany.SampleSauceTest@3632be31]" name="loginTestSalesforce6" duration-ms="24929" started-at="2020-12-14T10:10:42 PST" data-provider="hardCodedBrowsers" finished-at="2020-12-14T10:11:07 PST">
          <params>
            <param index="0">
              <value>
                <![CDATA[latest-1]]>
              </value>
            </param>
            <param index="1">
              <value>
                <![CDATA[Windows 10]]>
              </value>
            </param>
            <param index="2">
              <value>
                <![CDATA[public void com.yourcompany.SampleSauceTest.loginTestSalesforce6(java.lang.String,java.lang.String,java.lang.reflect.Method) throws java.lang.Exception]]>
              </value>
            </param>
          </params>
          <reporter-output>
          </reporter-output>
        </test-method> <!-- loginTestSalesforce6 -->
        <test-method status="PASS" signature="loginTestSalesforce0(java.lang.String, java.lang.String, java.lang.reflect.Method)[pri:0, instance:com.yourcompany.SampleSauceTest@3632be31]" name="loginTestSalesforce0" duration-ms="23313" started-at="2020-12-14T10:10:42 PST" data-provider="hardCodedBrowsers" finished-at="2020-12-14T10:11:05 PST">
          <params>
            <param index="0">
              <value>
                <![CDATA[latest-1]]>
              </value>
            </param>
            <param index="1">
              <value>
                <![CDATA[macOS 10.15]]>
              </value>
            </param>
            <param index="2">
              <value>
                <![CDATA[public void com.yourcompany.SampleSauceTest.loginTestSalesforce0(java.lang.String,java.lang.String,java.lang.reflect.Method) throws java.lang.Exception]]>
              </value>
            </param>
          </params>
          <reporter-output>
          </reporter-output>
        </test-method> <!-- loginTestSalesforce0 -->
        <test-method status="PASS" signature="loginTestSalesforce11(java.lang.String, java.lang.String, java.lang.reflect.Method)[pri:0, instance:com.yourcompany.SampleSauceTest@3632be31]" name="loginTestSalesforce11" duration-ms="26628" started-at="2020-12-14T10:10:42 PST" data-provider="hardCodedBrowsers" finished-at="2020-12-14T10:11:09 PST">
          <params>
            <param index="0">
              <value>
                <![CDATA[latest-2]]>
              </value>
            </param>
            <param index="1">
              <value>
                <![CDATA[Windows 10]]>
              </value>
            </param>
            <param index="2">
              <value>
                <![CDATA[public void com.yourcompany.SampleSauceTest.loginTestSalesforce11(java.lang.String,java.lang.String,java.lang.reflect.Method) throws java.lang.Exception]]>
              </value>
            </param>
          </params>
          <reporter-output>
          </reporter-output>
        </test-method> <!-- loginTestSalesforce11 -->
        <test-method status="PASS" signature="loginTestSalesforce8(java.lang.String, java.lang.String, java.lang.reflect.Method)[pri:0, instance:com.yourcompany.SampleSauceTest@3632be31]" name="loginTestSalesforce8" duration-ms="26352" started-at="2020-12-14T10:10:42 PST" data-provider="hardCodedBrowsers" finished-at="2020-12-14T10:11:08 PST">
          <params>
            <param index="0">
              <value>
                <![CDATA[latest-1]]>
              </value>
            </param>
            <param index="1">
              <value>
                <![CDATA[macOS 10.15]]>
              </value>
            </param>
            <param index="2">
              <value>
                <![CDATA[public void com.yourcompany.SampleSauceTest.loginTestSalesforce8(java.lang.String,java.lang.String,java.lang.reflect.Method) throws java.lang.Exception]]>
              </value>
            </param>
          </params>
          <reporter-output>
          </reporter-output>
        </test-method> <!-- loginTestSalesforce8 -->
        <test-method status="PASS" signature="loginTestSalesforce8(java.lang.String, java.lang.String, java.lang.reflect.Method)[pri:0, instance:com.yourcompany.SampleSauceTest@3632be31]" name="loginTestSalesforce8" duration-ms="24115" started-at="2020-12-14T10:10:42 PST" data-provider="hardCodedBrowsers" finished-at="2020-12-14T10:11:06 PST">
          <params>
            <param index="0">
              <value>
                <![CDATA[latest-2]]>
              </value>
            </param>
            <param index="1">
              <value>
                <![CDATA[macOS 10.15]]>
              </value>
            </param>
            <param index="2">
              <value>
                <![CDATA[public void com.yourcompany.SampleSauceTest.loginTestSalesforce8(java.lang.String,java.lang.String,java.lang.reflect.Method) throws java.lang.Exception]]>
              </value>
            </param>
          </params>
          <reporter-output>
          </reporter-output>
        </test-method> <!-- loginTestSalesforce8 -->
        <test-method status="PASS" signature="loginTestSalesforce10(java.lang.String, java.lang.String, java.lang.reflect.Method)[pri:0, instance:com.yourcompany.SampleSauceTest@3632be31]" name="loginTestSalesforce10" duration-ms="27670" started-at="2020-12-14T10:10:42 PST" data-provider="hardCodedBrowsers" finished-at="2020-12-14T10:11:10 PST">
          <params>
            <param index="0">
              <value>
                <![CDATA[latest-1]]>
              </value>
            </param>
            <param index="1">
              <value>
                <![CDATA[Windows 10]]>
              </value>
            </param>
            <param index="2">
              <value>
                <![CDATA[public void com.yourcompany.SampleSauceTest.loginTestSalesforce10(java.lang.String,java.lang.String,java.lang.reflect.Method) throws java.lang.Exception]]>
              </value>
            </param>
          </params>
          <reporter-output>
          </reporter-output>
        </test-method> <!-- loginTestSalesforce10 -->
        <test-method status="PASS" signature="loginTestSalesforce0(java.lang.String, java.lang.String, java.lang.reflect.Method)[pri:0, instance:com.yourcompany.SampleSauceTest@3632be31]" name="loginTestSalesforce0" duration-ms="29526" started-at="2020-12-14T10:10:42 PST" data-provider="hardCodedBrowsers" finished-at="2020-12-14T10:11:11 PST">
          <params>
            <param index="0">
              <value>
                <![CDATA[latest-2]]>
              </value>
            </param>
            <param index="1">
              <value>
                <![CDATA[macOS 10.15]]>
              </value>
            </param>
            <param index="2">
              <value>
                <![CDATA[public void com.yourcompany.SampleSauceTest.loginTestSalesforce0(java.lang.String,java.lang.String,java.lang.reflect.Method) throws java.lang.Exception]]>
              </value>
            </param>
          </params>
          <reporter-output>
          </reporter-output>
        </test-method> <!-- loginTestSalesforce0 -->
        <test-method status="PASS" signature="loginTestSalesforce11(java.lang.String, java.lang.String, java.lang.reflect.Method)[pri:0, instance:com.yourcompany.SampleSauceTest@3632be31]" name="loginTestSalesforce11" duration-ms="28537" started-at="2020-12-14T10:10:42 PST" data-provider="hardCodedBrowsers" finished-at="2020-12-14T10:11:10 PST">
          <params>
            <param index="0">
              <value>
                <![CDATA[latest]]>
              </value>
            </param>
            <param index="1">
              <value>
                <![CDATA[macOS 10.15]]>
              </value>
            </param>
            <param index="2">
              <value>
                <![CDATA[public void com.yourcompany.SampleSauceTest.loginTestSalesforce11(java.lang.String,java.lang.String,java.lang.reflect.Method) throws java.lang.Exception]]>
              </value>
            </param>
          </params>
          <reporter-output>
          </reporter-output>
        </test-method> <!-- loginTestSalesforce11 -->
        <test-method status="PASS" signature="loginTestSalesforce12(java.lang.String, java.lang.String, java.lang.reflect.Method)[pri:0, instance:com.yourcompany.SampleSauceTest@3632be31]" name="loginTestSalesforce12" duration-ms="21676" started-at="2020-12-14T10:10:42 PST" data-provider="hardCodedBrowsers" finished-at="2020-12-14T10:11:04 PST">
          <params>
            <param index="0">
              <value>
                <![CDATA[latest-1]]>
              </value>
            </param>
            <param index="1">
              <value>
                <![CDATA[Windows 10]]>
              </value>
            </param>
            <param index="2">
              <value>
                <![CDATA[public void com.yourcompany.SampleSauceTest.loginTestSalesforce12(java.lang.String,java.lang.String,java.lang.reflect.Method) throws java.lang.Exception]]>
              </value>
            </param>
          </params>
          <reporter-output>
          </reporter-output>
        </test-method> <!-- loginTestSalesforce12 -->
        <test-method status="PASS" signature="loginTestSalesforce1(java.lang.String, java.lang.String, java.lang.reflect.Method)[pri:0, instance:com.yourcompany.SampleSauceTest@3632be31]" name="loginTestSalesforce1" duration-ms="28846" started-at="2020-12-14T10:10:42 PST" data-provider="hardCodedBrowsers" finished-at="2020-12-14T10:11:11 PST">
          <params>
            <param index="0">
              <value>
                <![CDATA[latest-1]]>
              </value>
            </param>
            <param index="1">
              <value>
                <![CDATA[Windows 10]]>
              </value>
            </param>
            <param index="2">
              <value>
                <![CDATA[public void com.yourcompany.SampleSauceTest.loginTestSalesforce1(java.lang.String,java.lang.String,java.lang.reflect.Method) throws java.lang.Exception]]>
              </value>
            </param>
          </params>
          <reporter-output>
          </reporter-output>
        </test-method> <!-- loginTestSalesforce1 -->
        <test-method status="PASS" signature="loginTestSalesforce14(java.lang.String, java.lang.String, java.lang.reflect.Method)[pri:0, instance:com.yourcompany.SampleSauceTest@3632be31]" name="loginTestSalesforce14" duration-ms="32687" started-at="2020-12-14T10:10:42 PST" data-provider="hardCodedBrowsers" finished-at="2020-12-14T10:11:15 PST">
          <params>
            <param index="0">
              <value>
                <![CDATA[latest-1]]>
              </value>
            </param>
            <param index="1">
              <value>
                <![CDATA[Windows 10]]>
              </value>
            </param>
            <param index="2">
              <value>
                <![CDATA[public void com.yourcompany.SampleSauceTest.loginTestSalesforce14(java.lang.String,java.lang.String,java.lang.reflect.Method) throws java.lang.Exception]]>
              </value>
            </param>
          </params>
          <reporter-output>
          </reporter-output>
        </test-method> <!-- loginTestSalesforce14 -->
        <test-method status="PASS" signature="loginTestSalesforce4(java.lang.String, java.lang.String, java.lang.reflect.Method)[pri:0, instance:com.yourcompany.SampleSauceTest@3632be31]" name="loginTestSalesforce4" duration-ms="24897" started-at="2020-12-14T10:10:42 PST" data-provider="hardCodedBrowsers" finished-at="2020-12-14T10:11:07 PST">
          <params>
            <param index="0">
              <value>
                <![CDATA[latest-2]]>
              </value>
            </param>
            <param index="1">
              <value>
                <![CDATA[Windows 10]]>
              </value>
            </param>
            <param index="2">
              <value>
                <![CDATA[public void com.yourcompany.SampleSauceTest.loginTestSalesforce4(java.lang.String,java.lang.String,java.lang.reflect.Method) throws java.lang.Exception]]>
              </value>
            </param>
          </params>
          <reporter-output>
          </reporter-output>
        </test-method> <!-- loginTestSalesforce4 -->
        <test-method status="PASS" signature="loginTestSalesforce12(java.lang.String, java.lang.String, java.lang.reflect.Method)[pri:0, instance:com.yourcompany.SampleSauceTest@3632be31]" name="loginTestSalesforce12" duration-ms="21738" started-at="2020-12-14T10:10:42 PST" data-provider="hardCodedBrowsers" finished-at="2020-12-14T10:11:04 PST">
          <params>
            <param index="0">
              <value>
                <![CDATA[latest-2]]>
              </value>
            </param>
            <param index="1">
              <value>
                <![CDATA[Windows 10]]>
              </value>
            </param>
            <param index="2">
              <value>
                <![CDATA[public void com.yourcompany.SampleSauceTest.loginTestSalesforce12(java.lang.String,java.lang.String,java.lang.reflect.Method) throws java.lang.Exception]]>
              </value>
            </param>
          </params>
          <reporter-output>
          </reporter-output>
        </test-method> <!-- loginTestSalesforce12 -->
        <test-method status="PASS" signature="loginTestSalesforce4(java.lang.String, java.lang.String, java.lang.reflect.Method)[pri:0, instance:com.yourcompany.SampleSauceTest@3632be31]" name="loginTestSalesforce4" duration-ms="21402" started-at="2020-12-14T10:10:42 PST" data-provider="hardCodedBrowsers" finished-at="2020-12-14T10:11:03 PST">
          <params>
            <param index="0">
              <value>
                <![CDATA[latest]]>
              </value>
            </param>
            <param index="1">
              <value>
                <![CDATA[macOS 10.15]]>
              </value>
            </param>
            <param index="2">
              <value>
                <![CDATA[public void com.yourcompany.SampleSauceTest.loginTestSalesforce4(java.lang.String,java.lang.String,java.lang.reflect.Method) throws java.lang.Exception]]>
              </value>
            </param>
          </params>
          <reporter-output>
          </reporter-output>
        </test-method> <!-- loginTestSalesforce4 -->
        <test-method status="PASS" signature="loginTestSalesforce2(java.lang.String, java.lang.String, java.lang.reflect.Method)[pri:0, instance:com.yourcompany.SampleSauceTest@3632be31]" name="loginTestSalesforce2" duration-ms="26180" started-at="2020-12-14T10:10:42 PST" data-provider="hardCodedBrowsers" finished-at="2020-12-14T10:11:08 PST">
          <params>
            <param index="0">
              <value>
                <![CDATA[latest-1]]>
              </value>
            </param>
            <param index="1">
              <value>
                <![CDATA[Windows 10]]>
              </value>
            </param>
            <param index="2">
              <value>
                <![CDATA[public void com.yourcompany.SampleSauceTest.loginTestSalesforce2(java.lang.String,java.lang.String,java.lang.reflect.Method) throws java.lang.Exception]]>
              </value>
            </param>
          </params>
          <reporter-output>
          </reporter-output>
        </test-method> <!-- loginTestSalesforce2 -->
        <test-method status="PASS" signature="loginTestSalesforce4(java.lang.String, java.lang.String, java.lang.reflect.Method)[pri:0, instance:com.yourcompany.SampleSauceTest@3632be31]" name="loginTestSalesforce4" duration-ms="28175" started-at="2020-12-14T10:10:42 PST" data-provider="hardCodedBrowsers" finished-at="2020-12-14T10:11:10 PST">
          <params>
            <param index="0">
              <value>
                <![CDATA[latest-1]]>
              </value>
            </param>
            <param index="1">
              <value>
                <![CDATA[macOS 10.15]]>
              </value>
            </param>
            <param index="2">
              <value>
                <![CDATA[public void com.yourcompany.SampleSauceTest.loginTestSalesforce4(java.lang.String,java.lang.String,java.lang.reflect.Method) throws java.lang.Exception]]>
              </value>
            </param>
          </params>
          <reporter-output>
          </reporter-output>
        </test-method> <!-- loginTestSalesforce4 -->
        <test-method status="PASS" signature="loginTestSalesforce9(java.lang.String, java.lang.String, java.lang.reflect.Method)[pri:0, instance:com.yourcompany.SampleSauceTest@3632be31]" name="loginTestSalesforce9" duration-ms="22045" started-at="2020-12-14T10:10:42 PST" data-provider="hardCodedBrowsers" finished-at="2020-12-14T10:11:04 PST">
          <params>
            <param index="0">
              <value>
                <![CDATA[latest]]>
              </value>
            </param>
            <param index="1">
              <value>
                <![CDATA[Windows 10]]>
              </value>
            </param>
            <param index="2">
              <value>
                <![CDATA[public void com.yourcompany.SampleSauceTest.loginTestSalesforce9(java.lang.String,java.lang.String,java.lang.reflect.Method) throws java.lang.Exception]]>
              </value>
            </param>
          </params>
          <reporter-output>
          </reporter-output>
        </test-method> <!-- loginTestSalesforce9 -->
        <test-method status="PASS" signature="loginTestSalesforce4(java.lang.String, java.lang.String, java.lang.reflect.Method)[pri:0, instance:com.yourcompany.SampleSauceTest@3632be31]" name="loginTestSalesforce4" duration-ms="26384" started-at="2020-12-14T10:10:42 PST" data-provider="hardCodedBrowsers" finished-at="2020-12-14T10:11:08 PST">
          <params>
            <param index="0">
              <value>
                <![CDATA[latest-1]]>
              </value>
            </param>
            <param index="1">
              <value>
                <![CDATA[Windows 10]]>
              </value>
            </param>
            <param index="2">
              <value>
                <![CDATA[public void com.yourcompany.SampleSauceTest.loginTestSalesforce4(java.lang.String,java.lang.String,java.lang.reflect.Method) throws java.lang.Exception]]>
              </value>
            </param>
          </params>
          <reporter-output>
          </reporter-output>
        </test-method> <!-- loginTestSalesforce4 -->
        <test-method status="PASS" signature="loginTestSalesforce4(java.lang.String, java.lang.String, java.lang.reflect.Method)[pri:0, instance:com.yourcompany.SampleSauceTest@3632be31]" name="loginTestSalesforce4" duration-ms="30398" started-at="2020-12-14T10:10:42 PST" data-provider="hardCodedBrowsers" finished-at="2020-12-14T10:11:12 PST">
          <params>
            <param index="0">
              <value>
                <![CDATA[latest-2]]>
              </value>
            </param>
            <param index="1">
              <value>
                <![CDATA[macOS 10.15]]>
              </value>
            </param>
            <param index="2">
              <value>
                <![CDATA[public void com.yourcompany.SampleSauceTest.loginTestSalesforce4(java.lang.String,java.lang.String,java.lang.reflect.Method) throws java.lang.Exception]]>
              </value>
            </param>
          </params>
          <reporter-output>
          </reporter-output>
        </test-method> <!-- loginTestSalesforce4 -->
        <test-method status="PASS" signature="loginTestSalesforce2(java.lang.String, java.lang.String, java.lang.reflect.Method)[pri:0, instance:com.yourcompany.SampleSauceTest@3632be31]" name="loginTestSalesforce2" duration-ms="27021" started-at="2020-12-14T10:10:42 PST" data-provider="hardCodedBrowsers" finished-at="2020-12-14T10:11:09 PST">
          <params>
            <param index="0">
              <value>
                <![CDATA[latest-2]]>
              </value>
            </param>
            <param index="1">
              <value>
                <![CDATA[Windows 10]]>
              </value>
            </param>
            <param index="2">
              <value>
                <![CDATA[public void com.yourcompany.SampleSauceTest.loginTestSalesforce2(java.lang.String,java.lang.String,java.lang.reflect.Method) throws java.lang.Exception]]>
              </value>
            </param>
          </params>
          <reporter-output>
          </reporter-output>
        </test-method> <!-- loginTestSalesforce2 -->
        <test-method status="PASS" signature="loginTestSalesforce12(java.lang.String, java.lang.String, java.lang.reflect.Method)[pri:0, instance:com.yourcompany.SampleSauceTest@3632be31]" name="loginTestSalesforce12" duration-ms="26475" started-at="2020-12-14T10:10:42 PST" data-provider="hardCodedBrowsers" finished-at="2020-12-14T10:11:08 PST">
          <params>
            <param index="0">
              <value>
                <![CDATA[latest]]>
              </value>
            </param>
            <param index="1">
              <value>
                <![CDATA[Windows 10]]>
              </value>
            </param>
            <param index="2">
              <value>
                <![CDATA[public void com.yourcompany.SampleSauceTest.loginTestSalesforce12(java.lang.String,java.lang.String,java.lang.reflect.Method) throws java.lang.Exception]]>
              </value>
            </param>
          </params>
          <reporter-output>
          </reporter-output>
        </test-method> <!-- loginTestSalesforce12 -->
        <test-method status="PASS" signature="loginTestSalesforce0(java.lang.String, java.lang.String, java.lang.reflect.Method)[pri:0, instance:com.yourcompany.SampleSauceTest@3632be31]" name="loginTestSalesforce0" duration-ms="24794" started-at="2020-12-14T10:10:42 PST" data-provider="hardCodedBrowsers" finished-at="2020-12-14T10:11:07 PST">
          <params>
            <param index="0">
              <value>
                <![CDATA[latest-1]]>
              </value>
            </param>
            <param index="1">
              <value>
                <![CDATA[Windows 10]]>
              </value>
            </param>
            <param index="2">
              <value>
                <![CDATA[public void com.yourcompany.SampleSauceTest.loginTestSalesforce0(java.lang.String,java.lang.String,java.lang.reflect.Method) throws java.lang.Exception]]>
              </value>
            </param>
          </params>
          <reporter-output>
          </reporter-output>
        </test-method> <!-- loginTestSalesforce0 -->
        <test-method status="PASS" signature="loginTestSalesforce1(java.lang.String, java.lang.String, java.lang.reflect.Method)[pri:0, instance:com.yourcompany.SampleSauceTest@3632be31]" name="loginTestSalesforce1" duration-ms="27469" started-at="2020-12-14T10:10:42 PST" data-provider="hardCodedBrowsers" finished-at="2020-12-14T10:11:09 PST">
          <params>
            <param index="0">
              <value>
                <![CDATA[latest-2]]>
              </value>
            </param>
            <param index="1">
              <value>
                <![CDATA[Windows 10]]>
              </value>
            </param>
            <param index="2">
              <value>
                <![CDATA[public void com.yourcompany.SampleSauceTest.loginTestSalesforce1(java.lang.String,java.lang.String,java.lang.reflect.Method) throws java.lang.Exception]]>
              </value>
            </param>
          </params>
          <reporter-output>
          </reporter-output>
        </test-method> <!-- loginTestSalesforce1 -->
        <test-method status="PASS" signature="loginTestSalesforce13(java.lang.String, java.lang.String, java.lang.reflect.Method)[pri:0, instance:com.yourcompany.SampleSauceTest@3632be31]" name="loginTestSalesforce13" duration-ms="27249" started-at="2020-12-14T10:10:42 PST" data-provider="hardCodedBrowsers" finished-at="2020-12-14T10:11:09 PST">
          <params>
            <param index="0">
              <value>
                <![CDATA[latest]]>
              </value>
            </param>
            <param index="1">
              <value>
                <![CDATA[macOS 10.15]]>
              </value>
            </param>
            <param index="2">
              <value>
                <![CDATA[public void com.yourcompany.SampleSauceTest.loginTestSalesforce13(java.lang.String,java.lang.String,java.lang.reflect.Method) throws java.lang.Exception]]>
              </value>
            </param>
          </params>
          <reporter-output>
          </reporter-output>
        </test-method> <!-- loginTestSalesforce13 -->
        <test-method status="PASS" signature="loginTestSalesforce7(java.lang.String, java.lang.String, java.lang.reflect.Method)[pri:0, instance:com.yourcompany.SampleSauceTest@3632be31]" name="loginTestSalesforce7" duration-ms="27878" started-at="2020-12-14T10:10:42 PST" data-provider="hardCodedBrowsers" finished-at="2020-12-14T10:11:10 PST">
          <params>
            <param index="0">
              <value>
                <![CDATA[latest-2]]>
              </value>
            </param>
            <param index="1">
              <value>
                <![CDATA[Windows 10]]>
              </value>
            </param>
            <param index="2">
              <value>
                <![CDATA[public void com.yourcompany.SampleSauceTest.loginTestSalesforce7(java.lang.String,java.lang.String,java.lang.reflect.Method) throws java.lang.Exception]]>
              </value>
            </param>
          </params>
          <reporter-output>
          </reporter-output>
        </test-method> <!-- loginTestSalesforce7 -->
        <test-method status="PASS" signature="loginTestSalesforce4(java.lang.String, java.lang.String, java.lang.reflect.Method)[pri:0, instance:com.yourcompany.SampleSauceTest@3632be31]" name="loginTestSalesforce4" duration-ms="26323" started-at="2020-12-14T10:10:42 PST" data-provider="hardCodedBrowsers" finished-at="2020-12-14T10:11:08 PST">
          <params>
            <param index="0">
              <value>
                <![CDATA[latest]]>
              </value>
            </param>
            <param index="1">
              <value>
                <![CDATA[Windows 10]]>
              </value>
            </param>
            <param index="2">
              <value>
                <![CDATA[public void com.yourcompany.SampleSauceTest.loginTestSalesforce4(java.lang.String,java.lang.String,java.lang.reflect.Method) throws java.lang.Exception]]>
              </value>
            </param>
          </params>
          <reporter-output>
          </reporter-output>
        </test-method> <!-- loginTestSalesforce4 -->
        <test-method status="PASS" signature="loginTestSalesforce7(java.lang.String, java.lang.String, java.lang.reflect.Method)[pri:0, instance:com.yourcompany.SampleSauceTest@3632be31]" name="loginTestSalesforce7" duration-ms="22342" started-at="2020-12-14T10:10:42 PST" data-provider="hardCodedBrowsers" finished-at="2020-12-14T10:11:04 PST">
          <params>
            <param index="0">
              <value>
                <![CDATA[latest-1]]>
              </value>
            </param>
            <param index="1">
              <value>
                <![CDATA[Windows 10]]>
              </value>
            </param>
            <param index="2">
              <value>
                <![CDATA[public void com.yourcompany.SampleSauceTest.loginTestSalesforce7(java.lang.String,java.lang.String,java.lang.reflect.Method) throws java.lang.Exception]]>
              </value>
            </param>
          </params>
          <reporter-output>
          </reporter-output>
        </test-method> <!-- loginTestSalesforce7 -->
        <test-method status="PASS" signature="loginTestSalesforce11(java.lang.String, java.lang.String, java.lang.reflect.Method)[pri:0, instance:com.yourcompany.SampleSauceTest@3632be31]" name="loginTestSalesforce11" duration-ms="22090" started-at="2020-12-14T10:10:42 PST" data-provider="hardCodedBrowsers" finished-at="2020-12-14T10:11:04 PST">
          <params>
            <param index="0">
              <value>
                <![CDATA[latest]]>
              </value>
            </param>
            <param index="1">
              <value>
                <![CDATA[Windows 10]]>
              </value>
            </param>
            <param index="2">
              <value>
                <![CDATA[public void com.yourcompany.SampleSauceTest.loginTestSalesforce11(java.lang.String,java.lang.String,java.lang.reflect.Method) throws java.lang.Exception]]>
              </value>
            </param>
          </params>
          <reporter-output>
          </reporter-output>
        </test-method> <!-- loginTestSalesforce11 -->
        <test-method status="PASS" signature="loginTestSalesforce2(java.lang.String, java.lang.String, java.lang.reflect.Method)[pri:0, instance:com.yourcompany.SampleSauceTest@3632be31]" name="loginTestSalesforce2" duration-ms="25532" started-at="2020-12-14T10:10:42 PST" data-provider="hardCodedBrowsers" finished-at="2020-12-14T10:11:07 PST">
          <params>
            <param index="0">
              <value>
                <![CDATA[latest]]>
              </value>
            </param>
            <param index="1">
              <value>
                <![CDATA[Windows 10]]>
              </value>
            </param>
            <param index="2">
              <value>
                <![CDATA[public void com.yourcompany.SampleSauceTest.loginTestSalesforce2(java.lang.String,java.lang.String,java.lang.reflect.Method) throws java.lang.Exception]]>
              </value>
            </param>
          </params>
          <reporter-output>
          </reporter-output>
        </test-method> <!-- loginTestSalesforce2 -->
        <test-method status="PASS" signature="loginTestSalesforce13(java.lang.String, java.lang.String, java.lang.reflect.Method)[pri:0, instance:com.yourcompany.SampleSauceTest@3632be31]" name="loginTestSalesforce13" duration-ms="26881" started-at="2020-12-14T10:10:42 PST" data-provider="hardCodedBrowsers" finished-at="2020-12-14T10:11:09 PST">
          <params>
            <param index="0">
              <value>
                <![CDATA[latest-2]]>
              </value>
            </param>
            <param index="1">
              <value>
                <![CDATA[Windows 10]]>
              </value>
            </param>
            <param index="2">
              <value>
                <![CDATA[public void com.yourcompany.SampleSauceTest.loginTestSalesforce13(java.lang.String,java.lang.String,java.lang.reflect.Method) throws java.lang.Exception]]>
              </value>
            </param>
          </params>
          <reporter-output>
          </reporter-output>
        </test-method> <!-- loginTestSalesforce13 -->
        <test-method status="PASS" signature="loginTestSalesforce0(java.lang.String, java.lang.String, java.lang.reflect.Method)[pri:0, instance:com.yourcompany.SampleSauceTest@3632be31]" name="loginTestSalesforce0" duration-ms="26717" started-at="2020-12-14T10:10:42 PST" data-provider="hardCodedBrowsers" finished-at="2020-12-14T10:11:09 PST">
          <params>
            <param index="0">
              <value>
                <![CDATA[latest-2]]>
              </value>
            </param>
            <param index="1">
              <value>
                <![CDATA[Windows 10]]>
              </value>
            </param>
            <param index="2">
              <value>
                <![CDATA[public void com.yourcompany.SampleSauceTest.loginTestSalesforce0(java.lang.String,java.lang.String,java.lang.reflect.Method) throws java.lang.Exception]]>
              </value>
            </param>
          </params>
          <reporter-output>
          </reporter-output>
        </test-method> <!-- loginTestSalesforce0 -->
        <test-method status="PASS" signature="loginTestSalesforce7(java.lang.String, java.lang.String, java.lang.reflect.Method)[pri:0, instance:com.yourcompany.SampleSauceTest@3632be31]" name="loginTestSalesforce7" duration-ms="27950" started-at="2020-12-14T10:10:42 PST" data-provider="hardCodedBrowsers" finished-at="2020-12-14T10:11:10 PST">
          <params>
            <param index="0">
              <value>
                <![CDATA[latest]]>
              </value>
            </param>
            <param index="1">
              <value>
                <![CDATA[Windows 10]]>
              </value>
            </param>
            <param index="2">
              <value>
                <![CDATA[public void com.yourcompany.SampleSauceTest.loginTestSalesforce7(java.lang.String,java.lang.String,java.lang.reflect.Method) throws java.lang.Exception]]>
              </value>
            </param>
          </params>
          <reporter-output>
          </reporter-output>
        </test-method> <!-- loginTestSalesforce7 -->
        <test-method status="PASS" signature="loginTestSalesforce1(java.lang.String, java.lang.String, java.lang.reflect.Method)[pri:0, instance:com.yourcompany.SampleSauceTest@3632be31]" name="loginTestSalesforce1" duration-ms="22736" started-at="2020-12-14T10:10:42 PST" data-provider="hardCodedBrowsers" finished-at="2020-12-14T10:11:05 PST">
          <params>
            <param index="0">
              <value>
                <![CDATA[latest]]>
              </value>
            </param>
            <param index="1">
              <value>
                <![CDATA[macOS 10.15]]>
              </value>
            </param>
            <param index="2">
              <value>
                <![CDATA[public void com.yourcompany.SampleSauceTest.loginTestSalesforce1(java.lang.String,java.lang.String,java.lang.reflect.Method) throws java.lang.Exception]]>
              </value>
            </param>
          </params>
          <reporter-output>
          </reporter-output>
        </test-method> <!-- loginTestSalesforce1 -->
        <test-method status="PASS" signature="loginTestSalesforce10(java.lang.String, java.lang.String, java.lang.reflect.Method)[pri:0, instance:com.yourcompany.SampleSauceTest@3632be31]" name="loginTestSalesforce10" duration-ms="27859" started-at="2020-12-14T10:10:42 PST" data-provider="hardCodedBrowsers" finished-at="2020-12-14T10:11:10 PST">
          <params>
            <param index="0">
              <value>
                <![CDATA[latest]]>
              </value>
            </param>
            <param index="1">
              <value>
                <![CDATA[macOS 10.15]]>
              </value>
            </param>
            <param index="2">
              <value>
                <![CDATA[public void com.yourcompany.SampleSauceTest.loginTestSalesforce10(java.lang.String,java.lang.String,java.lang.reflect.Method) throws java.lang.Exception]]>
              </value>
            </param>
          </params>
          <reporter-output>
          </reporter-output>
        </test-method> <!-- loginTestSalesforce10 -->
        <test-method status="PASS" signature="loginTestSalesforce1(java.lang.String, java.lang.String, java.lang.reflect.Method)[pri:0, instance:com.yourcompany.SampleSauceTest@3632be31]" name="loginTestSalesforce1" duration-ms="27127" started-at="2020-12-14T10:10:42 PST" data-provider="hardCodedBrowsers" finished-at="2020-12-14T10:11:09 PST">
          <params>
            <param index="0">
              <value>
                <![CDATA[latest-1]]>
              </value>
            </param>
            <param index="1">
              <value>
                <![CDATA[macOS 10.15]]>
              </value>
            </param>
            <param index="2">
              <value>
                <![CDATA[public void com.yourcompany.SampleSauceTest.loginTestSalesforce1(java.lang.String,java.lang.String,java.lang.reflect.Method) throws java.lang.Exception]]>
              </value>
            </param>
          </params>
          <reporter-output>
          </reporter-output>
        </test-method> <!-- loginTestSalesforce1 -->
        <test-method status="PASS" signature="loginTestSalesforce1(java.lang.String, java.lang.String, java.lang.reflect.Method)[pri:0, instance:com.yourcompany.SampleSauceTest@3632be31]" name="loginTestSalesforce1" duration-ms="32955" started-at="2020-12-14T10:10:42 PST" data-provider="hardCodedBrowsers" finished-at="2020-12-14T10:11:15 PST">
          <params>
            <param index="0">
              <value>
                <![CDATA[latest-2]]>
              </value>
            </param>
            <param index="1">
              <value>
                <![CDATA[macOS 10.15]]>
              </value>
            </param>
            <param index="2">
              <value>
                <![CDATA[public void com.yourcompany.SampleSauceTest.loginTestSalesforce1(java.lang.String,java.lang.String,java.lang.reflect.Method) throws java.lang.Exception]]>
              </value>
            </param>
          </params>
          <reporter-output>
          </reporter-output>
        </test-method> <!-- loginTestSalesforce1 -->
        <test-method status="PASS" signature="loginTestSalesforce3(java.lang.String, java.lang.String, java.lang.reflect.Method)[pri:0, instance:com.yourcompany.SampleSauceTest@3632be31]" name="loginTestSalesforce3" duration-ms="28238" started-at="2020-12-14T10:10:42 PST" data-provider="hardCodedBrowsers" finished-at="2020-12-14T10:11:10 PST">
          <params>
            <param index="0">
              <value>
                <![CDATA[latest-2]]>
              </value>
            </param>
            <param index="1">
              <value>
                <![CDATA[Windows 10]]>
              </value>
            </param>
            <param index="2">
              <value>
                <![CDATA[public void com.yourcompany.SampleSauceTest.loginTestSalesforce3(java.lang.String,java.lang.String,java.lang.reflect.Method) throws java.lang.Exception]]>
              </value>
            </param>
          </params>
          <reporter-output>
          </reporter-output>
        </test-method> <!-- loginTestSalesforce3 -->
        <test-method status="PASS" signature="loginTestSalesforce10(java.lang.String, java.lang.String, java.lang.reflect.Method)[pri:0, instance:com.yourcompany.SampleSauceTest@3632be31]" name="loginTestSalesforce10" duration-ms="23396" started-at="2020-12-14T10:10:42 PST" data-provider="hardCodedBrowsers" finished-at="2020-12-14T10:11:05 PST">
          <params>
            <param index="0">
              <value>
                <![CDATA[latest-1]]>
              </value>
            </param>
            <param index="1">
              <value>
                <![CDATA[macOS 10.15]]>
              </value>
            </param>
            <param index="2">
              <value>
                <![CDATA[public void com.yourcompany.SampleSauceTest.loginTestSalesforce10(java.lang.String,java.lang.String,java.lang.reflect.Method) throws java.lang.Exception]]>
              </value>
            </param>
          </params>
          <reporter-output>
          </reporter-output>
        </test-method> <!-- loginTestSalesforce10 -->
        <test-method status="PASS" signature="loginTestSalesforce9(java.lang.String, java.lang.String, java.lang.reflect.Method)[pri:0, instance:com.yourcompany.SampleSauceTest@3632be31]" name="loginTestSalesforce9" duration-ms="24855" started-at="2020-12-14T10:10:42 PST" data-provider="hardCodedBrowsers" finished-at="2020-12-14T10:11:07 PST">
          <params>
            <param index="0">
              <value>
                <![CDATA[latest-2]]>
              </value>
            </param>
            <param index="1">
              <value>
                <![CDATA[Windows 10]]>
              </value>
            </param>
            <param index="2">
              <value>
                <![CDATA[public void com.yourcompany.SampleSauceTest.loginTestSalesforce9(java.lang.String,java.lang.String,java.lang.reflect.Method) throws java.lang.Exception]]>
              </value>
            </param>
          </params>
          <reporter-output>
          </reporter-output>
        </test-method> <!-- loginTestSalesforce9 -->
        <test-method status="PASS" signature="loginTestSalesforce11(java.lang.String, java.lang.String, java.lang.reflect.Method)[pri:0, instance:com.yourcompany.SampleSauceTest@3632be31]" name="loginTestSalesforce11" duration-ms="24856" started-at="2020-12-14T10:10:42 PST" data-provider="hardCodedBrowsers" finished-at="2020-12-14T10:11:07 PST">
          <params>
            <param index="0">
              <value>
                <![CDATA[latest-1]]>
              </value>
            </param>
            <param index="1">
              <value>
                <![CDATA[macOS 10.15]]>
              </value>
            </param>
            <param index="2">
              <value>
                <![CDATA[public void com.yourcompany.SampleSauceTest.loginTestSalesforce11(java.lang.String,java.lang.String,java.lang.reflect.Method) throws java.lang.Exception]]>
              </value>
            </param>
          </params>
          <reporter-output>
          </reporter-output>
        </test-method> <!-- loginTestSalesforce11 -->
        <test-method status="PASS" signature="loginTestSalesforce3(java.lang.String, java.lang.String, java.lang.reflect.Method)[pri:0, instance:com.yourcompany.SampleSauceTest@3632be31]" name="loginTestSalesforce3" duration-ms="29654" started-at="2020-12-14T10:10:42 PST" data-provider="hardCodedBrowsers" finished-at="2020-12-14T10:11:12 PST">
          <params>
            <param index="0">
              <value>
                <![CDATA[latest]]>
              </value>
            </param>
            <param index="1">
              <value>
                <![CDATA[macOS 10.15]]>
              </value>
            </param>
            <param index="2">
              <value>
                <![CDATA[public void com.yourcompany.SampleSauceTest.loginTestSalesforce3(java.lang.String,java.lang.String,java.lang.reflect.Method) throws java.lang.Exception]]>
              </value>
            </param>
          </params>
          <reporter-output>
          </reporter-output>
        </test-method> <!-- loginTestSalesforce3 -->
        <test-method status="PASS" signature="loginTestSalesforce6(java.lang.String, java.lang.String, java.lang.reflect.Method)[pri:0, instance:com.yourcompany.SampleSauceTest@3632be31]" name="loginTestSalesforce6" duration-ms="25372" started-at="2020-12-14T10:10:42 PST" data-provider="hardCodedBrowsers" finished-at="2020-12-14T10:11:07 PST">
          <params>
            <param index="0">
              <value>
                <![CDATA[latest]]>
              </value>
            </param>
            <param index="1">
              <value>
                <![CDATA[macOS 10.15]]>
              </value>
            </param>
            <param index="2">
              <value>
                <![CDATA[public void com.yourcompany.SampleSauceTest.loginTestSalesforce6(java.lang.String,java.lang.String,java.lang.reflect.Method) throws java.lang.Exception]]>
              </value>
            </param>
          </params>
          <reporter-output>
          </reporter-output>
        </test-method> <!-- loginTestSalesforce6 -->
        <test-method status="PASS" signature="loginTestSalesforce9(java.lang.String, java.lang.String, java.lang.reflect.Method)[pri:0, instance:com.yourcompany.SampleSauceTest@3632be31]" name="loginTestSalesforce9" duration-ms="26368" started-at="2020-12-14T10:10:42 PST" data-provider="hardCodedBrowsers" finished-at="2020-12-14T10:11:08 PST">
          <params>
            <param index="0">
              <value>
                <![CDATA[latest]]>
              </value>
            </param>
            <param index="1">
              <value>
                <![CDATA[macOS 10.15]]>
              </value>
            </param>
            <param index="2">
              <value>
                <![CDATA[public void com.yourcompany.SampleSauceTest.loginTestSalesforce9(java.lang.String,java.lang.String,java.lang.reflect.Method) throws java.lang.Exception]]>
              </value>
            </param>
          </params>
          <reporter-output>
          </reporter-output>
        </test-method> <!-- loginTestSalesforce9 -->
        <test-method status="PASS" signature="loginTestSalesforce3(java.lang.String, java.lang.String, java.lang.reflect.Method)[pri:0, instance:com.yourcompany.SampleSauceTest@3632be31]" name="loginTestSalesforce3" duration-ms="25682" started-at="2020-12-14T10:10:42 PST" data-provider="hardCodedBrowsers" finished-at="2020-12-14T10:11:08 PST">
          <params>
            <param index="0">
              <value>
                <![CDATA[latest-1]]>
              </value>
            </param>
            <param index="1">
              <value>
                <![CDATA[macOS 10.15]]>
              </value>
            </param>
            <param index="2">
              <value>
                <![CDATA[public void com.yourcompany.SampleSauceTest.loginTestSalesforce3(java.lang.String,java.lang.String,java.lang.reflect.Method) throws java.lang.Exception]]>
              </value>
            </param>
          </params>
          <reporter-output>
          </reporter-output>
        </test-method> <!-- loginTestSalesforce3 -->
        <test-method status="PASS" signature="loginTestSalesforce11(java.lang.String, java.lang.String, java.lang.reflect.Method)[pri:0, instance:com.yourcompany.SampleSauceTest@3632be31]" name="loginTestSalesforce11" duration-ms="28294" started-at="2020-12-14T10:10:42 PST" data-provider="hardCodedBrowsers" finished-at="2020-12-14T10:11:10 PST">
          <params>
            <param index="0">
              <value>
                <![CDATA[latest-2]]>
              </value>
            </param>
            <param index="1">
              <value>
                <![CDATA[macOS 10.15]]>
              </value>
            </param>
            <param index="2">
              <value>
                <![CDATA[public void com.yourcompany.SampleSauceTest.loginTestSalesforce11(java.lang.String,java.lang.String,java.lang.reflect.Method) throws java.lang.Exception]]>
              </value>
            </param>
          </params>
          <reporter-output>
          </reporter-output>
        </test-method> <!-- loginTestSalesforce11 -->
        <test-method status="PASS" signature="loginTestSalesforce6(java.lang.String, java.lang.String, java.lang.reflect.Method)[pri:0, instance:com.yourcompany.SampleSauceTest@3632be31]" name="loginTestSalesforce6" duration-ms="21594" started-at="2020-12-14T10:10:42 PST" data-provider="hardCodedBrowsers" finished-at="2020-12-14T10:11:04 PST">
          <params>
            <param index="0">
              <value>
                <![CDATA[latest-2]]>
              </value>
            </param>
            <param index="1">
              <value>
                <![CDATA[Windows 10]]>
              </value>
            </param>
            <param index="2">
              <value>
                <![CDATA[public void com.yourcompany.SampleSauceTest.loginTestSalesforce6(java.lang.String,java.lang.String,java.lang.reflect.Method) throws java.lang.Exception]]>
              </value>
            </param>
          </params>
          <reporter-output>
          </reporter-output>
        </test-method> <!-- loginTestSalesforce6 -->
        <test-method status="PASS" signature="loginTestSalesforce2(java.lang.String, java.lang.String, java.lang.reflect.Method)[pri:0, instance:com.yourcompany.SampleSauceTest@3632be31]" name="loginTestSalesforce2" duration-ms="21157" started-at="2020-12-14T10:10:42 PST" data-provider="hardCodedBrowsers" finished-at="2020-12-14T10:11:03 PST">
          <params>
            <param index="0">
              <value>
                <![CDATA[latest]]>
              </value>
            </param>
            <param index="1">
              <value>
                <![CDATA[macOS 10.15]]>
              </value>
            </param>
            <param index="2">
              <value>
                <![CDATA[public void com.yourcompany.SampleSauceTest.loginTestSalesforce2(java.lang.String,java.lang.String,java.lang.reflect.Method) throws java.lang.Exception]]>
              </value>
            </param>
          </params>
          <reporter-output>
          </reporter-output>
        </test-method> <!-- loginTestSalesforce2 -->
        <test-method status="PASS" signature="loginTestSalesforce2(java.lang.String, java.lang.String, java.lang.reflect.Method)[pri:0, instance:com.yourcompany.SampleSauceTest@3632be31]" name="loginTestSalesforce2" duration-ms="33155" started-at="2020-12-14T10:10:42 PST" data-provider="hardCodedBrowsers" finished-at="2020-12-14T10:11:15 PST">
          <params>
            <param index="0">
              <value>
                <![CDATA[latest-1]]>
              </value>
            </param>
            <param index="1">
              <value>
                <![CDATA[macOS 10.15]]>
              </value>
            </param>
            <param index="2">
              <value>
                <![CDATA[public void com.yourcompany.SampleSauceTest.loginTestSalesforce2(java.lang.String,java.lang.String,java.lang.reflect.Method) throws java.lang.Exception]]>
              </value>
            </param>
          </params>
          <reporter-output>
          </reporter-output>
        </test-method> <!-- loginTestSalesforce2 -->
        <test-method status="PASS" signature="loginTestSalesforce2(java.lang.String, java.lang.String, java.lang.reflect.Method)[pri:0, instance:com.yourcompany.SampleSauceTest@3632be31]" name="loginTestSalesforce2" duration-ms="23781" started-at="2020-12-14T10:10:42 PST" data-provider="hardCodedBrowsers" finished-at="2020-12-14T10:11:06 PST">
          <params>
            <param index="0">
              <value>
                <![CDATA[latest-2]]>
              </value>
            </param>
            <param index="1">
              <value>
                <![CDATA[macOS 10.15]]>
              </value>
            </param>
            <param index="2">
              <value>
                <![CDATA[public void com.yourcompany.SampleSauceTest.loginTestSalesforce2(java.lang.String,java.lang.String,java.lang.reflect.Method) throws java.lang.Exception]]>
              </value>
            </param>
          </params>
          <reporter-output>
          </reporter-output>
        </test-method> <!-- loginTestSalesforce2 -->
        <test-method status="PASS" signature="loginTestSalesforce10(java.lang.String, java.lang.String, java.lang.reflect.Method)[pri:0, instance:com.yourcompany.SampleSauceTest@3632be31]" name="loginTestSalesforce10" duration-ms="25944" started-at="2020-12-14T10:10:42 PST" data-provider="hardCodedBrowsers" finished-at="2020-12-14T10:11:08 PST">
          <params>
            <param index="0">
              <value>
                <![CDATA[latest-2]]>
              </value>
            </param>
            <param index="1">
              <value>
                <![CDATA[macOS 10.15]]>
              </value>
            </param>
            <param index="2">
              <value>
                <![CDATA[public void com.yourcompany.SampleSauceTest.loginTestSalesforce10(java.lang.String,java.lang.String,java.lang.reflect.Method) throws java.lang.Exception]]>
              </value>
            </param>
          </params>
          <reporter-output>
          </reporter-output>
        </test-method> <!-- loginTestSalesforce10 -->
        <test-method status="PASS" signature="loginTestSalesforce14(java.lang.String, java.lang.String, java.lang.reflect.Method)[pri:0, instance:com.yourcompany.SampleSauceTest@3632be31]" name="loginTestSalesforce14" duration-ms="23967" started-at="2020-12-14T10:10:42 PST" data-provider="hardCodedBrowsers" finished-at="2020-12-14T10:11:06 PST">
          <params>
            <param index="0">
              <value>
                <![CDATA[latest-2]]>
              </value>
            </param>
            <param index="1">
              <value>
                <![CDATA[Windows 10]]>
              </value>
            </param>
            <param index="2">
              <value>
                <![CDATA[public void com.yourcompany.SampleSauceTest.loginTestSalesforce14(java.lang.String,java.lang.String,java.lang.reflect.Method) throws java.lang.Exception]]>
              </value>
            </param>
          </params>
          <reporter-output>
          </reporter-output>
        </test-method> <!-- loginTestSalesforce14 -->
        <test-method status="PASS" signature="loginTestSalesforce13(java.lang.String, java.lang.String, java.lang.reflect.Method)[pri:0, instance:com.yourcompany.SampleSauceTest@3632be31]" name="loginTestSalesforce13" duration-ms="30266" started-at="2020-12-14T10:10:42 PST" data-provider="hardCodedBrowsers" finished-at="2020-12-14T10:11:12 PST">
          <params>
            <param index="0">
              <value>
                <![CDATA[latest-1]]>
              </value>
            </param>
            <param index="1">
              <value>
                <![CDATA[macOS 10.15]]>
              </value>
            </param>
            <param index="2">
              <value>
                <![CDATA[public void com.yourcompany.SampleSauceTest.loginTestSalesforce13(java.lang.String,java.lang.String,java.lang.reflect.Method) throws java.lang.Exception]]>
              </value>
            </param>
          </params>
          <reporter-output>
          </reporter-output>
        </test-method> <!-- loginTestSalesforce13 -->
        <test-method status="PASS" signature="loginTestSalesforce5(java.lang.String, java.lang.String, java.lang.reflect.Method)[pri:0, instance:com.yourcompany.SampleSauceTest@3632be31]" name="loginTestSalesforce5" duration-ms="20820" started-at="2020-12-14T10:10:42 PST" data-provider="hardCodedBrowsers" finished-at="2020-12-14T10:11:03 PST">
          <params>
            <param index="0">
              <value>
                <![CDATA[latest-1]]>
              </value>
            </param>
            <param index="1">
              <value>
                <![CDATA[Windows 10]]>
              </value>
            </param>
            <param index="2">
              <value>
                <![CDATA[public void com.yourcompany.SampleSauceTest.loginTestSalesforce5(java.lang.String,java.lang.String,java.lang.reflect.Method) throws java.lang.Exception]]>
              </value>
            </param>
          </params>
          <reporter-output>
          </reporter-output>
        </test-method> <!-- loginTestSalesforce5 -->
        <test-method status="PASS" signature="loginTestSalesforce14(java.lang.String, java.lang.String, java.lang.reflect.Method)[pri:0, instance:com.yourcompany.SampleSauceTest@3632be31]" name="loginTestSalesforce14" duration-ms="27952" started-at="2020-12-14T10:10:42 PST" data-provider="hardCodedBrowsers" finished-at="2020-12-14T10:11:10 PST">
          <params>
            <param index="0">
              <value>
                <![CDATA[latest-1]]>
              </value>
            </param>
            <param index="1">
              <value>
                <![CDATA[macOS 10.15]]>
              </value>
            </param>
            <param index="2">
              <value>
                <![CDATA[public void com.yourcompany.SampleSauceTest.loginTestSalesforce14(java.lang.String,java.lang.String,java.lang.reflect.Method) throws java.lang.Exception]]>
              </value>
            </param>
          </params>
          <reporter-output>
          </reporter-output>
        </test-method> <!-- loginTestSalesforce14 -->
        <test-method status="PASS" signature="loginTestSalesforce14(java.lang.String, java.lang.String, java.lang.reflect.Method)[pri:0, instance:com.yourcompany.SampleSauceTest@3632be31]" name="loginTestSalesforce14" duration-ms="29628" started-at="2020-12-14T10:10:42 PST" data-provider="hardCodedBrowsers" finished-at="2020-12-14T10:11:12 PST">
          <params>
            <param index="0">
              <value>
                <![CDATA[latest-2]]>
[...]
          </params>
          <reporter-output>
          </reporter-output>
        </test-method> <!-- tearDown -->
        <test-method status="PASS" signature="tearDown(org.testng.ITestResult)[pri:0, instance:com.yourcompany.SampleSauceTest@3632be31]" name="tearDown" is-config="true" duration-ms="495" started-at="2020-12-14T10:11:10 PST" finished-at="2020-12-14T10:11:10 PST">
          <params>
            <param index="0">
              <value>
                <![CDATA[[TestResult name=loginTestSalesforce8 status=SUCCESS method=SampleSauceTest.loginTestSalesforce8(java.lang.String, java.lang.String, java.lang.reflect.Method)[pri:0, instance:com.yourcompany.SampleSauceTest@3632be31] output={null}]]]>
              </value>
            </param>
          </params>
          <reporter-output>
          </reporter-output>
        </test-method> <!-- tearDown -->
        <test-method status="PASS" signature="tearDown(org.testng.ITestResult)[pri:0, instance:com.yourcompany.SampleSauceTest@3632be31]" name="tearDown" is-config="true" duration-ms="458" started-at="2020-12-14T10:11:10 PST" finished-at="2020-12-14T10:11:10 PST">
          <params>
            <param index="0">
              <value>
                <![CDATA[[TestResult name=loginTestSalesforce10 status=SUCCESS method=SampleSauceTest.loginTestSalesforce10(java.lang.String, java.lang.String, java.lang.reflect.Method)[pri:0, instance:com.yourcompany.SampleSauceTest@3632be31] output={null}]]]>
              </value>
            </param>
          </params>
          <reporter-output>
          </reporter-output>
        </test-method> <!-- tearDown -->
        <test-method status="PASS" signature="tearDown(org.testng.ITestResult)[pri:0, instance:com.yourcompany.SampleSauceTest@3632be31]" name="tearDown" is-config="true" duration-ms="444" started-at="2020-12-14T10:11:10 PST" finished-at="2020-12-14T10:11:10 PST">
          <params>
            <param index="0">
              <value>
                <![CDATA[[TestResult name=loginTestSalesforce7 status=SUCCESS method=SampleSauceTest.loginTestSalesforce7(java.lang.String, java.lang.String, java.lang.reflect.Method)[pri:0, instance:com.yourcompany.SampleSauceTest@3632be31] output={null}]]]>
              </value>
            </param>
          </params>
          <reporter-output>
          </reporter-output>
        </test-method> <!-- tearDown -->
        <test-method status="PASS" signature="tearDown(org.testng.ITestResult)[pri:0, instance:com.yourcompany.SampleSauceTest@3632be31]" name="tearDown" is-config="true" duration-ms="259" started-at="2020-12-14T10:11:10 PST" finished-at="2020-12-14T10:11:10 PST">
          <params>
            <param index="0">
              <value>
                <![CDATA[[TestResult name=loginTestSalesforce7 status=SUCCESS method=SampleSauceTest.loginTestSalesforce7(java.lang.String, java.lang.String, java.lang.reflect.Method)[pri:0, instance:com.yourcompany.SampleSauceTest@3632be31] output={null}]]]>
              </value>
            </param>
          </params>
          <reporter-output>
          </reporter-output>
        </test-method> <!-- tearDown -->
        <test-method status="PASS" signature="tearDown(org.testng.ITestResult)[pri:0, instance:com.yourcompany.SampleSauceTest@3632be31]" name="tearDown" is-config="true" duration-ms="443" started-at="2020-12-14T10:11:10 PST" finished-at="2020-12-14T10:11:10 PST">
          <params>
            <param index="0">
              <value>
                <![CDATA[[TestResult name=loginTestSalesforce14 status=SUCCESS method=SampleSauceTest.loginTestSalesforce14(java.lang.String, java.lang.String, java.lang.reflect.Method)[pri:0, instance:com.yourcompany.SampleSauceTest@3632be31] output={null}]]]>
              </value>
            </param>
          </params>
          <reporter-output>
          </reporter-output>
        </test-method> <!-- tearDown -->
        <test-method status="PASS" signature="tearDown(org.testng.ITestResult)[pri:0, instance:com.yourcompany.SampleSauceTest@3632be31]" name="tearDown" is-config="true" duration-ms="387" started-at="2020-12-14T10:11:10 PST" finished-at="2020-12-14T10:11:10 PST">
          <params>
            <param index="0">
              <value>
                <![CDATA[[TestResult name=loginTestSalesforce5 status=SUCCESS method=SampleSauceTest.loginTestSalesforce5(java.lang.String, java.lang.String, java.lang.reflect.Method)[pri:0, instance:com.yourcompany.SampleSauceTest@3632be31] output={null}]]]>
              </value>
            </param>
          </params>
          <reporter-output>
          </reporter-output>
        </test-method> <!-- tearDown -->
        <test-method status="PASS" signature="tearDown(org.testng.ITestResult)[pri:0, instance:com.yourcompany.SampleSauceTest@3632be31]" name="tearDown" is-config="true" duration-ms="577" started-at="2020-12-14T10:11:10 PST" finished-at="2020-12-14T10:11:11 PST">
          <params>
            <param index="0">
              <value>
                <![CDATA[[TestResult name=loginTestSalesforce13 status=SUCCESS method=SampleSauceTest.loginTestSalesforce13(java.lang.String, java.lang.String, java.lang.reflect.Method)[pri:0, instance:com.yourcompany.SampleSauceTest@3632be31] output={null}]]]>
              </value>
            </param>
          </params>
          <reporter-output>
          </reporter-output>
        </test-method> <!-- tearDown -->
        <test-method status="PASS" signature="tearDown(org.testng.ITestResult)[pri:0, instance:com.yourcompany.SampleSauceTest@3632be31]" name="tearDown" is-config="true" duration-ms="1956" started-at="2020-12-14T10:11:10 PST" finished-at="2020-12-14T10:11:12 PST">
          <params>
            <param index="0">
              <value>
                <![CDATA[[TestResult name=loginTestSalesforce4 status=SUCCESS method=SampleSauceTest.loginTestSalesforce4(java.lang.String, java.lang.String, java.lang.reflect.Method)[pri:0, instance:com.yourcompany.SampleSauceTest@3632be31] output={null}]]]>
              </value>
            </param>
          </params>
          <reporter-output>
          </reporter-output>
        </test-method> <!-- tearDown -->
        <test-method status="PASS" signature="tearDown(org.testng.ITestResult)[pri:0, instance:com.yourcompany.SampleSauceTest@3632be31]" name="tearDown" is-config="true" duration-ms="389" started-at="2020-12-14T10:11:10 PST" finished-at="2020-12-14T10:11:11 PST">
          <params>
            <param index="0">
              <value>
                <![CDATA[[TestResult name=loginTestSalesforce6 status=SUCCESS method=SampleSauceTest.loginTestSalesforce6(java.lang.String, java.lang.String, java.lang.reflect.Method)[pri:0, instance:com.yourcompany.SampleSauceTest@3632be31] output={null}]]]>
              </value>
            </param>
          </params>
          <reporter-output>
          </reporter-output>
        </test-method> <!-- tearDown -->
        <test-method status="PASS" signature="tearDown(org.testng.ITestResult)[pri:0, instance:com.yourcompany.SampleSauceTest@3632be31]" name="tearDown" is-config="true" duration-ms="315" started-at="2020-12-14T10:11:10 PST" finished-at="2020-12-14T10:11:10 PST">
          <params>
            <param index="0">
              <value>
                <![CDATA[[TestResult name=loginTestSalesforce3 status=SUCCESS method=SampleSauceTest.loginTestSalesforce3(java.lang.String, java.lang.String, java.lang.reflect.Method)[pri:0, instance:com.yourcompany.SampleSauceTest@3632be31] output={null}]]]>
              </value>
            </param>
          </params>
          <reporter-output>
          </reporter-output>
        </test-method> <!-- tearDown -->
        <test-method status="PASS" signature="tearDown(org.testng.ITestResult)[pri:0, instance:com.yourcompany.SampleSauceTest@3632be31]" name="tearDown" is-config="true" duration-ms="1267" started-at="2020-12-14T10:11:10 PST" finished-at="2020-12-14T10:11:11 PST">
          <params>
            <param index="0">
              <value>
                <![CDATA[[TestResult name=loginTestSalesforce3 status=SUCCESS method=SampleSauceTest.loginTestSalesforce3(java.lang.String, java.lang.String, java.lang.reflect.Method)[pri:0, instance:com.yourcompany.SampleSauceTest@3632be31] output={null}]]]>
              </value>
            </param>
          </params>
          <reporter-output>
          </reporter-output>
        </test-method> <!-- tearDown -->
        <test-method status="PASS" signature="tearDown(org.testng.ITestResult)[pri:0, instance:com.yourcompany.SampleSauceTest@3632be31]" name="tearDown" is-config="true" duration-ms="1570" started-at="2020-12-14T10:11:10 PST" finished-at="2020-12-14T10:11:12 PST">
          <params>
            <param index="0">
              <value>
                <![CDATA[[TestResult name=loginTestSalesforce11 status=SUCCESS method=SampleSauceTest.loginTestSalesforce11(java.lang.String, java.lang.String, java.lang.reflect.Method)[pri:0, instance:com.yourcompany.SampleSauceTest@3632be31] output={null}]]]>
              </value>
            </param>
          </params>
          <reporter-output>
          </reporter-output>
        </test-method> <!-- tearDown -->
        <test-method status="PASS" signature="tearDown(org.testng.ITestResult)[pri:0, instance:com.yourcompany.SampleSauceTest@3632be31]" name="tearDown" is-config="true" duration-ms="359" started-at="2020-12-14T10:11:10 PST" finished-at="2020-12-14T10:11:11 PST">
          <params>
            <param index="0">
              <value>
                <![CDATA[[TestResult name=loginTestSalesforce11 status=SUCCESS method=SampleSauceTest.loginTestSalesforce11(java.lang.String, java.lang.String, java.lang.reflect.Method)[pri:0, instance:com.yourcompany.SampleSauceTest@3632be31] output={null}]]]>
              </value>
            </param>
          </params>
          <reporter-output>
          </reporter-output>
        </test-method> <!-- tearDown -->
        <test-method status="PASS" signature="tearDown(org.testng.ITestResult)[pri:0, instance:com.yourcompany.SampleSauceTest@3632be31]" name="tearDown" is-config="true" duration-ms="230" started-at="2020-12-14T10:11:11 PST" finished-at="2020-12-14T10:11:11 PST">
          <params>
            <param index="0">
              <value>
                <![CDATA[[TestResult name=loginTestSalesforce1 status=SUCCESS method=SampleSauceTest.loginTestSalesforce1(java.lang.String, java.lang.String, java.lang.reflect.Method)[pri:0, instance:com.yourcompany.SampleSauceTest@3632be31] output={null}]]]>
              </value>
            </param>
          </params>
          <reporter-output>
          </reporter-output>
        </test-method> <!-- tearDown -->
        <test-method status="PASS" signature="tearDown(org.testng.ITestResult)[pri:0, instance:com.yourcompany.SampleSauceTest@3632be31]" name="tearDown" is-config="true" duration-ms="425" started-at="2020-12-14T10:11:11 PST" finished-at="2020-12-14T10:11:11 PST">
          <params>
            <param index="0">
              <value>
                <![CDATA[[TestResult name=loginTestSalesforce9 status=SUCCESS method=SampleSauceTest.loginTestSalesforce9(java.lang.String, java.lang.String, java.lang.reflect.Method)[pri:0, instance:com.yourcompany.SampleSauceTest@3632be31] output={null}]]]>
              </value>
            </param>
          </params>
          <reporter-output>
          </reporter-output>
        </test-method> <!-- tearDown -->
        <test-method status="PASS" signature="tearDown(org.testng.ITestResult)[pri:0, instance:com.yourcompany.SampleSauceTest@3632be31]" name="tearDown" is-config="true" duration-ms="385" started-at="2020-12-14T10:11:11 PST" finished-at="2020-12-14T10:11:12 PST">
          <params>
            <param index="0">
              <value>
                <![CDATA[[TestResult name=loginTestSalesforce12 status=SUCCESS method=SampleSauceTest.loginTestSalesforce12(java.lang.String, java.lang.String, java.lang.reflect.Method)[pri:0, instance:com.yourcompany.SampleSauceTest@3632be31] output={null}]]]>
              </value>
            </param>
          </params>
          <reporter-output>
          </reporter-output>
        </test-method> <!-- tearDown -->
        <test-method status="PASS" signature="tearDown(org.testng.ITestResult)[pri:0, instance:com.yourcompany.SampleSauceTest@3632be31]" name="tearDown" is-config="true" duration-ms="476" started-at="2020-12-14T10:11:11 PST" finished-at="2020-12-14T10:11:12 PST">
          <params>
            <param index="0">
              <value>
                <![CDATA[[TestResult name=loginTestSalesforce0 status=SUCCESS method=SampleSauceTest.loginTestSalesforce0(java.lang.String, java.lang.String, java.lang.reflect.Method)[pri:0, instance:com.yourcompany.SampleSauceTest@3632be31] output={null}]]]>
              </value>
            </param>
          </params>
          <reporter-output>
          </reporter-output>
        </test-method> <!-- tearDown -->
        <test-method status="PASS" signature="tearDown(org.testng.ITestResult)[pri:0, instance:com.yourcompany.SampleSauceTest@3632be31]" name="tearDown" is-config="true" duration-ms="428" started-at="2020-12-14T10:11:12 PST" finished-at="2020-12-14T10:11:12 PST">
          <params>
            <param index="0">
              <value>
                <![CDATA[[TestResult name=loginTestSalesforce14 status=SUCCESS method=SampleSauceTest.loginTestSalesforce14(java.lang.String, java.lang.String, java.lang.reflect.Method)[pri:0, instance:com.yourcompany.SampleSauceTest@3632be31] output={null}]]]>
              </value>
            </param>
          </params>
          <reporter-output>
          </reporter-output>
        </test-method> <!-- tearDown -->
        <test-method status="PASS" signature="tearDown(org.testng.ITestResult)[pri:0, instance:com.yourcompany.SampleSauceTest@3632be31]" name="tearDown" is-config="true" duration-ms="350" started-at="2020-12-14T10:11:12 PST" finished-at="2020-12-14T10:11:12 PST">
          <params>
            <param index="0">
              <value>
                <![CDATA[[TestResult name=loginTestSalesforce3 status=SUCCESS method=SampleSauceTest.loginTestSalesforce3(java.lang.String, java.lang.String, java.lang.reflect.Method)[pri:0, instance:com.yourcompany.SampleSauceTest@3632be31] output={null}]]]>
              </value>
            </param>
          </params>
          <reporter-output>
          </reporter-output>
        </test-method> <!-- tearDown -->
        <test-method status="PASS" signature="tearDown(org.testng.ITestResult)[pri:0, instance:com.yourcompany.SampleSauceTest@3632be31]" name="tearDown" is-config="true" duration-ms="462" started-at="2020-12-14T10:11:12 PST" finished-at="2020-12-14T10:11:13 PST">
          <params>
            <param index="0">
              <value>
                <![CDATA[[TestResult name=loginTestSalesforce13 status=SUCCESS method=SampleSauceTest.loginTestSalesforce13(java.lang.String, java.lang.String, java.lang.reflect.Method)[pri:0, instance:com.yourcompany.SampleSauceTest@3632be31] output={null}]]]>
              </value>
            </param>
          </params>
          <reporter-output>
          </reporter-output>
        </test-method> <!-- tearDown -->
        <test-method status="PASS" signature="tearDown(org.testng.ITestResult)[pri:0, instance:com.yourcompany.SampleSauceTest@3632be31]" name="tearDown" is-config="true" duration-ms="408" started-at="2020-12-14T10:11:12 PST" finished-at="2020-12-14T10:11:13 PST">
          <params>
            <param index="0">
              <value>
                <![CDATA[[TestResult name=loginTestSalesforce4 status=SUCCESS method=SampleSauceTest.loginTestSalesforce4(java.lang.String, java.lang.String, java.lang.reflect.Method)[pri:0, instance:com.yourcompany.SampleSauceTest@3632be31] output={null}]]]>
              </value>
            </param>
          </params>
          <reporter-output>
          </reporter-output>
        </test-method> <!-- tearDown -->
        <test-method status="PASS" signature="tearDown(org.testng.ITestResult)[pri:0, instance:com.yourcompany.SampleSauceTest@3632be31]" name="tearDown" is-config="true" duration-ms="417" started-at="2020-12-14T10:11:14 PST" finished-at="2020-12-14T10:11:14 PST">
          <params>
            <param index="0">
              <value>
                <![CDATA[[TestResult name=loginTestSalesforce7 status=SUCCESS method=SampleSauceTest.loginTestSalesforce7(java.lang.String, java.lang.String, java.lang.reflect.Method)[pri:0, instance:com.yourcompany.SampleSauceTest@3632be31] output={null}]]]>
              </value>
            </param>
          </params>
          <reporter-output>
          </reporter-output>
        </test-method> <!-- tearDown -->
        <test-method status="PASS" signature="tearDown(org.testng.ITestResult)[pri:0, instance:com.yourcompany.SampleSauceTest@3632be31]" name="tearDown" is-config="true" duration-ms="242" started-at="2020-12-14T10:11:14 PST" finished-at="2020-12-14T10:11:15 PST">
          <params>
            <param index="0">
              <value>
                <![CDATA[[TestResult name=loginTestSalesforce3 status=SUCCESS method=SampleSauceTest.loginTestSalesforce3(java.lang.String, java.lang.String, java.lang.reflect.Method)[pri:0, instance:com.yourcompany.SampleSauceTest@3632be31] output={null}]]]>
              </value>
            </param>
          </params>
          <reporter-output>
          </reporter-output>
        </test-method> <!-- tearDown -->
        <test-method status="PASS" signature="tearDown(org.testng.ITestResult)[pri:0, instance:com.yourcompany.SampleSauceTest@3632be31]" name="tearDown" is-config="true" duration-ms="276" started-at="2020-12-14T10:11:15 PST" finished-at="2020-12-14T10:11:15 PST">
          <params>
            <param index="0">
              <value>
                <![CDATA[[TestResult name=loginTestSalesforce14 status=SUCCESS method=SampleSauceTest.loginTestSalesforce14(java.lang.String, java.lang.String, java.lang.reflect.Method)[pri:0, instance:com.yourcompany.SampleSauceTest@3632be31] output={null}]]]>
              </value>
            </param>
          </params>
          <reporter-output>
          </reporter-output>
        </test-method> <!-- tearDown -->
        <test-method status="PASS" signature="tearDown(org.testng.ITestResult)[pri:0, instance:com.yourcompany.SampleSauceTest@3632be31]" name="tearDown" is-config="true" duration-ms="416" started-at="2020-12-14T10:11:15 PST" finished-at="2020-12-14T10:11:15 PST">
          <params>
            <param index="0">
              <value>
                <![CDATA[[TestResult name=loginTestSalesforce1 status=SUCCESS method=SampleSauceTest.loginTestSalesforce1(java.lang.String, java.lang.String, java.lang.reflect.Method)[pri:0, instance:com.yourcompany.SampleSauceTest@3632be31] output={null}]]]>
              </value>
            </param>
          </params>
          <reporter-output>
          </reporter-output>
        </test-method> <!-- tearDown -->
        <test-method status="PASS" signature="tearDown(org.testng.ITestResult)[pri:0, instance:com.yourcompany.SampleSauceTest@3632be31]" name="tearDown" is-config="true" duration-ms="459" started-at="2020-12-14T10:11:15 PST" finished-at="2020-12-14T10:11:16 PST">
          <params>
            <param index="0">
              <value>
                <![CDATA[[TestResult name=loginTestSalesforce2 status=SUCCESS method=SampleSauceTest.loginTestSalesforce2(java.lang.String, java.lang.String, java.lang.reflect.Method)[pri:0, instance:com.yourcompany.SampleSauceTest@3632be31] output={null}]]]>
              </value>
            </param>
          </params>
          <reporter-output>
          </reporter-output>
        </test-method> <!-- tearDown -->
      </class> <!-- com.yourcompany.SampleSauceTest -->
    </test> <!-- Surefire test -->
  </suite> <!-- Surefire suite -->
</testng-results>
